This file contains any messages produced by compilers while
running configure, to aid debugging if configure makes a mistake.

It was created by gas configure 2.34, which was
generated by GNU Autoconf 2.69.  Invocation command line was

  $ /home/ubuntu/kerenel/binutils-2.34/gas/configure --srcdir=.././gas --cache-file=./config.cache --with-gnu-as --with-gnu-ld --disable-nls --disable-werror --program-transform-name=s&^&i386-elf-& --disable-option-checking --build=x86_64-pc-linux-gnu --host=x86_64-pc-linux-gnu --target=i386-elf

## --------- ##
## Platform. ##
## --------- ##

hostname = ip-10-240-233-134
uname -m = x86_64
uname -r = 6.2.0-1018-aws
uname -s = Linux
uname -v = #18~22.04.1-Ubuntu SMP Wed Jan 10 22:54:16 UTC 2024

/usr/bin/uname -p = x86_64
/bin/uname -X     = unknown

/bin/arch              = x86_64
/usr/bin/arch -k       = unknown
/usr/convex/getsysinfo = unknown
/usr/bin/hostinfo      = unknown
/bin/machine           = unknown
/usr/bin/oslevel       = unknown
/bin/universe          = unknown

PATH: /opt/.devin/package/custom_binaries
PATH: /home/ubuntu/.local/bin
PATH: /home/ubuntu/.cargo/bin
PATH: /opt/.devin/package/custom_binaries
PATH: /home/ubuntu/.nvm/versions/node/v18.19.0/bin
PATH: /usr/local/sbin
PATH: /usr/local/bin
PATH: /usr/sbin
PATH: /usr/bin
PATH: /sbin
PATH: /bin
PATH: /usr/games
PATH: /usr/local/games
PATH: /snap/bin
PATH: /home/ubuntu/.local/share/coursier/bin


## ----------- ##
## Core tests. ##
## ----------- ##

configure:2319: creating cache ./config.cache
configure:2430: checking build system type
configure:2444: result: x86_64-pc-linux-gnu
configure:2464: checking host system type
configure:2477: result: x86_64-pc-linux-gnu
configure:2497: checking target system type
configure:2510: result: i386-pc-elf
configure:2547: checking for x86_64-pc-linux-gnu-gcc
configure:2574: result: gcc
configure:2843: checking for C compiler version
configure:2852: gcc --version >&5
gcc (Ubuntu 11.4.0-1ubuntu1~22.04) 11.4.0
Copyright (C) 2021 Free Software Foundation, Inc.
This is free software; see the source for copying conditions.  There is NO
warranty; not even for MERCHANTABILITY or FITNESS FOR A PARTICULAR PURPOSE.

configure:2863: $? = 0
configure:2852: gcc -v >&5
Using built-in specs.
COLLECT_GCC=gcc
COLLECT_LTO_WRAPPER=/usr/lib/gcc/x86_64-linux-gnu/11/lto-wrapper
OFFLOAD_TARGET_NAMES=nvptx-none:amdgcn-amdhsa
OFFLOAD_TARGET_DEFAULT=1
Target: x86_64-linux-gnu
Configured with: ../src/configure -v --with-pkgversion='Ubuntu 11.4.0-1ubuntu1~22.04' --with-bugurl=file:///usr/share/doc/gcc-11/README.Bugs --enable-languages=c,ada,c++,go,brig,d,fortran,objc,obj-c++,m2 --prefix=/usr --with-gcc-major-version-only --program-suffix=-11 --program-prefix=x86_64-linux-gnu- --enable-shared --enable-linker-build-id --libexecdir=/usr/lib --without-included-gettext --enable-threads=posix --libdir=/usr/lib --enable-nls --enable-bootstrap --enable-clocale=gnu --enable-libstdcxx-debug --enable-libstdcxx-time=yes --with-default-libstdcxx-abi=new --enable-gnu-unique-object --disable-vtable-verify --enable-plugin --enable-default-pie --with-system-zlib --enable-libphobos-checking=release --with-target-system-zlib=auto --enable-objc-gc=auto --enable-multiarch --disable-werror --enable-cet --with-arch-32=i686 --with-abi=m64 --with-multilib-list=m32,m64,mx32 --enable-multilib --with-tune=generic --enable-offload-targets=nvptx-none=/build/gcc-11-XeT9lY/gcc-11-11.4.0/debian/tmp-nvptx/usr,amdgcn-amdhsa=/build/gcc-11-XeT9lY/gcc-11-11.4.0/debian/tmp-gcn/usr --without-cuda-driver --enable-checking=release --build=x86_64-linux-gnu --host=x86_64-linux-gnu --target=x86_64-linux-gnu --with-build-config=bootstrap-lto-lean --enable-link-serialization=2
Thread model: posix
Supported LTO compression algorithms: zlib zstd
gcc version 11.4.0 (Ubuntu 11.4.0-1ubuntu1~22.04) 
... rest of stderr output deleted ...
configure:2863: $? = 0
configure:2852: gcc -V >&5
gcc: error: unrecognized command-line option '-V'
gcc: fatal error: no input files
compilation terminated.
configure:2863: $? = 1
configure:2852: gcc -qversion >&5
gcc: error: unrecognized command-line option '-qversion'; did you mean '--version'?
gcc: fatal error: no input files
compilation terminated.
configure:2863: $? = 1
configure:2883: checking whether the C compiler works
configure:2905: gcc -g -O2    conftest.c  >&5
configure:2909: $? = 0
configure:2957: result: yes
configure:2960: checking for C compiler default output file name
configure:2962: result: a.out
configure:2968: checking for suffix of executables
configure:2975: gcc -o conftest -g -O2    conftest.c  >&5
configure:2979: $? = 0
configure:3001: result: 
configure:3023: checking whether we are cross compiling
configure:3031: gcc -o conftest -g -O2    conftest.c  >&5
configure:3035: $? = 0
configure:3042: ./conftest
configure:3046: $? = 0
configure:3061: result: no
configure:3066: checking for suffix of object files
configure:3088: gcc -c -g -O2  conftest.c >&5
configure:3092: $? = 0
configure:3113: result: o
configure:3117: checking whether we are using the GNU C compiler
configure:3136: gcc -c -g -O2  conftest.c >&5
configure:3136: $? = 0
configure:3145: result: yes
configure:3154: checking whether gcc accepts -g
configure:3174: gcc -c -g  conftest.c >&5
configure:3174: $? = 0
configure:3215: result: yes
configure:3232: checking for gcc option to accept ISO C89
configure:3295: gcc  -c -g -O2  conftest.c >&5
configure:3295: $? = 0
configure:3308: result: none needed
configure:3333: checking whether gcc understands -c and -o together
configure:3355: gcc -c conftest.c -o conftest2.o
configure:3358: $? = 0
configure:3355: gcc -c conftest.c -o conftest2.o
configure:3358: $? = 0
configure:3370: result: yes
configure:3388: checking for library containing strerror
configure:3419: gcc -o conftest -g -O2    conftest.c  >&5
configure:3419: $? = 0
configure:3436: result: none required
configure:3461: checking for a BSD-compatible install
configure:3529: result: /usr/bin/install -c
configure:3540: checking whether build environment is sane
configure:3595: result: yes
configure:3743: checking for a thread-safe mkdir -p
configure:3782: result: /usr/bin/mkdir -p
configure:3789: checking for gawk
configure:3816: result: gawk
configure:3827: checking whether make sets $(MAKE)
configure:3849: result: yes
configure:3879: checking for style of include used by make
configure:3907: result: GNU
configure:3941: checking whether make supports nested variables
configure:3958: result: yes
configure:4043: checking dependency style of gcc
configure:4154: result: gcc3
configure:4221: checking for x86_64-pc-linux-gnu-gcc
configure:4248: result: gcc
configure:4517: checking for C compiler version
configure:4526: gcc --version >&5
gcc (Ubuntu 11.4.0-1ubuntu1~22.04) 11.4.0
Copyright (C) 2021 Free Software Foundation, Inc.
This is free software; see the source for copying conditions.  There is NO
warranty; not even for MERCHANTABILITY or FITNESS FOR A PARTICULAR PURPOSE.

configure:4537: $? = 0
configure:4526: gcc -v >&5
Using built-in specs.
COLLECT_GCC=gcc
COLLECT_LTO_WRAPPER=/usr/lib/gcc/x86_64-linux-gnu/11/lto-wrapper
OFFLOAD_TARGET_NAMES=nvptx-none:amdgcn-amdhsa
OFFLOAD_TARGET_DEFAULT=1
Target: x86_64-linux-gnu
Configured with: ../src/configure -v --with-pkgversion='Ubuntu 11.4.0-1ubuntu1~22.04' --with-bugurl=file:///usr/share/doc/gcc-11/README.Bugs --enable-languages=c,ada,c++,go,brig,d,fortran,objc,obj-c++,m2 --prefix=/usr --with-gcc-major-version-only --program-suffix=-11 --program-prefix=x86_64-linux-gnu- --enable-shared --enable-linker-build-id --libexecdir=/usr/lib --without-included-gettext --enable-threads=posix --libdir=/usr/lib --enable-nls --enable-bootstrap --enable-clocale=gnu --enable-libstdcxx-debug --enable-libstdcxx-time=yes --with-default-libstdcxx-abi=new --enable-gnu-unique-object --disable-vtable-verify --enable-plugin --enable-default-pie --with-system-zlib --enable-libphobos-checking=release --with-target-system-zlib=auto --enable-objc-gc=auto --enable-multiarch --disable-werror --enable-cet --with-arch-32=i686 --with-abi=m64 --with-multilib-list=m32,m64,mx32 --enable-multilib --with-tune=generic --enable-offload-targets=nvptx-none=/build/gcc-11-XeT9lY/gcc-11-11.4.0/debian/tmp-nvptx/usr,amdgcn-amdhsa=/build/gcc-11-XeT9lY/gcc-11-11.4.0/debian/tmp-gcn/usr --without-cuda-driver --enable-checking=release --build=x86_64-linux-gnu --host=x86_64-linux-gnu --target=x86_64-linux-gnu --with-build-config=bootstrap-lto-lean --enable-link-serialization=2
Thread model: posix
Supported LTO compression algorithms: zlib zstd
gcc version 11.4.0 (Ubuntu 11.4.0-1ubuntu1~22.04) 
... rest of stderr output deleted ...
configure:4537: $? = 0
configure:4526: gcc -V >&5
gcc: error: unrecognized command-line option '-V'
gcc: fatal error: no input files
compilation terminated.
configure:4537: $? = 1
configure:4526: gcc -qversion >&5
gcc: error: unrecognized command-line option '-qversion'; did you mean '--version'?
gcc: fatal error: no input files
compilation terminated.
configure:4537: $? = 1
configure:4541: checking whether we are using the GNU C compiler
configure:4569: result: yes
configure:4578: checking whether gcc accepts -g
configure:4639: result: yes
configure:4656: checking for gcc option to accept ISO C89
configure:4732: result: none needed
configure:4757: checking whether gcc understands -c and -o together
configure:4794: result: yes
configure:4816: checking how to run the C preprocessor
configure:4847: gcc -E  conftest.c
configure:4847: $? = 0
configure:4861: gcc -E  conftest.c
conftest.c:11:10: fatal error: ac_nonexistent.h: No such file or directory
   11 | #include <ac_nonexistent.h>
      |          ^~~~~~~~~~~~~~~~~~
compilation terminated.
configure:4861: $? = 1
configure: failed program was:
| /* confdefs.h */
| #define PACKAGE_NAME "gas"
| #define PACKAGE_TARNAME "gas"
| #define PACKAGE_VERSION "2.34"
| #define PACKAGE_STRING "gas 2.34"
| #define PACKAGE_BUGREPORT ""
| #define PACKAGE_URL ""
| #define PACKAGE "gas"
| #define VERSION "2.34"
| /* end confdefs.h.  */
| #include <ac_nonexistent.h>
configure:4886: result: gcc -E
configure:4906: gcc -E  conftest.c
configure:4906: $? = 0
configure:4920: gcc -E  conftest.c
conftest.c:11:10: fatal error: ac_nonexistent.h: No such file or directory
   11 | #include <ac_nonexistent.h>
      |          ^~~~~~~~~~~~~~~~~~
compilation terminated.
configure:4920: $? = 1
configure: failed program was:
| /* confdefs.h */
| #define PACKAGE_NAME "gas"
| #define PACKAGE_TARNAME "gas"
| #define PACKAGE_VERSION "2.34"
| #define PACKAGE_STRING "gas 2.34"
| #define PACKAGE_BUGREPORT ""
| #define PACKAGE_URL ""
| #define PACKAGE "gas"
| #define VERSION "2.34"
| /* end confdefs.h.  */
| #include <ac_nonexistent.h>
configure:4949: checking for grep that handles long lines and -e
configure:5007: result: /usr/bin/grep
configure:5012: checking for egrep
configure:5074: result: /usr/bin/grep -E
configure:5079: checking for ANSI C header files
configure:5099: gcc -c -g -O2  conftest.c >&5
configure:5099: $? = 0
configure:5172: gcc -o conftest -g -O2    conftest.c  >&5
configure:5172: $? = 0
configure:5172: ./conftest
configure:5172: $? = 0
configure:5183: result: yes
configure:5196: checking for sys/types.h
configure:5196: gcc -c -g -O2  conftest.c >&5
configure:5196: $? = 0
configure:5196: result: yes
configure:5196: checking for sys/stat.h
configure:5196: gcc -c -g -O2  conftest.c >&5
configure:5196: $? = 0
configure:5196: result: yes
configure:5196: checking for stdlib.h
configure:5196: gcc -c -g -O2  conftest.c >&5
configure:5196: $? = 0
configure:5196: result: yes
configure:5196: checking for string.h
configure:5196: gcc -c -g -O2  conftest.c >&5
configure:5196: $? = 0
configure:5196: result: yes
configure:5196: checking for memory.h
configure:5196: gcc -c -g -O2  conftest.c >&5
configure:5196: $? = 0
configure:5196: result: yes
configure:5196: checking for strings.h
configure:5196: gcc -c -g -O2  conftest.c >&5
configure:5196: $? = 0
configure:5196: result: yes
configure:5196: checking for inttypes.h
configure:5196: gcc -c -g -O2  conftest.c >&5
configure:5196: $? = 0
configure:5196: result: yes
configure:5196: checking for stdint.h
configure:5196: gcc -c -g -O2  conftest.c >&5
configure:5196: $? = 0
configure:5196: result: yes
configure:5196: checking for unistd.h
configure:5196: gcc -c -g -O2  conftest.c >&5
configure:5196: $? = 0
configure:5196: result: yes
configure:5209: checking minix/config.h usability
configure:5209: gcc -c -g -O2  conftest.c >&5
conftest.c:54:10: fatal error: minix/config.h: No such file or directory
   54 | #include <minix/config.h>
      |          ^~~~~~~~~~~~~~~~
compilation terminated.
configure:5209: $? = 1
configure: failed program was:
| /* confdefs.h */
| #define PACKAGE_NAME "gas"
| #define PACKAGE_TARNAME "gas"
| #define PACKAGE_VERSION "2.34"
| #define PACKAGE_STRING "gas 2.34"
| #define PACKAGE_BUGREPORT ""
| #define PACKAGE_URL ""
| #define PACKAGE "gas"
| #define VERSION "2.34"
| #define STDC_HEADERS 1
| #define HAVE_SYS_TYPES_H 1
| #define HAVE_SYS_STAT_H 1
| #define HAVE_STDLIB_H 1
| #define HAVE_STRING_H 1
| #define HAVE_MEMORY_H 1
| #define HAVE_STRINGS_H 1
| #define HAVE_INTTYPES_H 1
| #define HAVE_STDINT_H 1
| #define HAVE_UNISTD_H 1
| /* end confdefs.h.  */
| #include <stdio.h>
| #ifdef HAVE_SYS_TYPES_H
| # include <sys/types.h>
| #endif
| #ifdef HAVE_SYS_STAT_H
| # include <sys/stat.h>
| #endif
| #ifdef STDC_HEADERS
| # include <stdlib.h>
| # include <stddef.h>
| #else
| # ifdef HAVE_STDLIB_H
| #  include <stdlib.h>
| # endif
| #endif
| #ifdef HAVE_STRING_H
| # if !defined STDC_HEADERS && defined HAVE_MEMORY_H
| #  include <memory.h>
| # endif
| # include <string.h>
| #endif
| #ifdef HAVE_STRINGS_H
| # include <strings.h>
| #endif
| #ifdef HAVE_INTTYPES_H
| # include <inttypes.h>
| #endif
| #ifdef HAVE_STDINT_H
| # include <stdint.h>
| #endif
| #ifdef HAVE_UNISTD_H
| # include <unistd.h>
| #endif
| #include <minix/config.h>
configure:5209: result: no
configure:5209: checking minix/config.h presence
configure:5209: gcc -E  conftest.c
conftest.c:21:10: fatal error: minix/config.h: No such file or directory
   21 | #include <minix/config.h>
      |          ^~~~~~~~~~~~~~~~
compilation terminated.
configure:5209: $? = 1
configure: failed program was:
| /* confdefs.h */
| #define PACKAGE_NAME "gas"
| #define PACKAGE_TARNAME "gas"
| #define PACKAGE_VERSION "2.34"
| #define PACKAGE_STRING "gas 2.34"
| #define PACKAGE_BUGREPORT ""
| #define PACKAGE_URL ""
| #define PACKAGE "gas"
| #define VERSION "2.34"
| #define STDC_HEADERS 1
| #define HAVE_SYS_TYPES_H 1
| #define HAVE_SYS_STAT_H 1
| #define HAVE_STDLIB_H 1
| #define HAVE_STRING_H 1
| #define HAVE_MEMORY_H 1
| #define HAVE_STRINGS_H 1
| #define HAVE_INTTYPES_H 1
| #define HAVE_STDINT_H 1
| #define HAVE_UNISTD_H 1
| /* end confdefs.h.  */
| #include <minix/config.h>
configure:5209: result: no
configure:5209: checking for minix/config.h
configure:5209: result: no
configure:5230: checking whether it is safe to define __EXTENSIONS__
configure:5248: gcc -c -g -O2  conftest.c >&5
configure:5248: $? = 0
configure:5255: result: yes
configure:5318: checking how to print strings
configure:5345: result: printf
configure:5366: checking for a sed that does not truncate output
configure:5430: result: /usr/bin/sed
configure:5448: checking for fgrep
configure:5510: result: /usr/bin/grep -F
configure:5545: checking for ld used by gcc
configure:5612: result: ld
configure:5619: checking if the linker (ld) is GNU ld
configure:5634: result: yes
configure:5646: checking for BSD- or MS-compatible name lister (nm)
configure:5695: result: nm
configure:5825: checking the name lister (nm) interface
configure:5832: gcc -c -g -O2  conftest.c >&5
configure:5835: nm "conftest.o"
configure:5838: output
0000000000000000 B some_variable
configure:5845: result: BSD nm
configure:5848: checking whether ln -s works
configure:5852: result: yes
configure:5860: checking the maximum length of command line arguments
configure:5985: result: 1572864
configure:6002: checking whether the shell understands some XSI constructs
configure:6012: result: yes
configure:6016: checking whether the shell understands "+="
configure:6022: result: yes
configure:6057: checking for ld option to reload object files
configure:6064: result: -r
configure:6093: checking for x86_64-pc-linux-gnu-objdump
configure:6120: result: objdump
configure:6192: checking how to recognize dependent libraries
configure:6393: result: pass_all
configure:6413: checking for x86_64-pc-linux-gnu-ar
configure:6440: result: ar
configure:6518: checking for x86_64-pc-linux-gnu-strip
configure:6548: result: no
configure:6558: checking for strip
configure:6574: found /usr/bin/strip
configure:6585: result: strip
configure:6617: checking for x86_64-pc-linux-gnu-ranlib
configure:6644: result: ranlib
configure:6786: checking command to parse nm output from gcc object
configure:6904: gcc -c -g -O2  conftest.c >&5
configure:6907: $? = 0
configure:6911: nm conftest.o \| sed -n -e 's/^.*[ ]\([ABCDGIRSTW][ABCDGIRSTW]*\)[ ][ ]*\([_A-Za-z][_A-Za-z0-9]*\)$/\1 \2 \2/p' \> conftest.nm
configure:6914: $? = 0
configure:6968: gcc -o conftest -g -O2    conftest.c conftstm.o >&5
configure:6971: $? = 0
configure:7009: result: ok
configure:7104: gcc -c -g -O2  conftest.c >&5
configure:7107: $? = 0
configure:7857: checking for dlfcn.h
configure:7857: gcc -c -g -O2  conftest.c >&5
configure:7857: $? = 0
configure:7857: result: yes
configure:8044: checking for objdir
configure:8059: result: .libs
configure:8330: checking if gcc supports -fno-rtti -fno-exceptions
configure:8348: gcc -c -g -O2  -fno-rtti -fno-exceptions conftest.c >&5
cc1: warning: command-line option '-fno-rtti' is valid for C++/D/ObjC++ but not for C
configure:8352: $? = 0
configure:8365: result: no
configure:8385: checking for gcc option to produce PIC
configure:8671: result: -fPIC -DPIC
configure:8683: checking if gcc PIC flag -fPIC -DPIC works
configure:8701: gcc -c -g -O2  -fPIC -DPIC -DPIC conftest.c >&5
configure:8705: $? = 0
configure:8718: result: yes
configure:8742: checking if gcc static flag -static works
configure:8770: result: yes
configure:8785: checking if gcc supports -c -o file.o
configure:8806: gcc -c -g -O2  -o out/conftest2.o conftest.c >&5
configure:8810: $? = 0
configure:8832: result: yes
configure:8840: checking if gcc supports -c -o file.o
configure:8887: result: yes
configure:8920: checking whether the gcc linker (ld -m elf_x86_64) supports shared libraries
configure:9991: result: yes
configure:10028: checking whether -lc should be explicitly linked in
configure:10036: gcc -c -g -O2  conftest.c >&5
configure:10039: $? = 0
configure:10054: gcc -shared  -fPIC -DPIC conftest.o  -v -Wl,-soname -Wl,conftest -o conftest 2\>\&1 \| /usr/bin/grep  -lc  \>/dev/null 2\>\&1
configure:10057: $? = 0
configure:10071: result: no
configure:10236: checking dynamic linker characteristics
configure:10687: gcc -o conftest -g -O2    -Wl,-rpath -Wl,/foo conftest.c  >&5
configure:10687: $? = 0
configure:10909: result: GNU/Linux ld.so
configure:11016: checking how to hardcode library paths into programs
configure:11041: result: immediate
configure:11581: checking whether stripping libraries is possible
configure:11586: result: yes
configure:11621: checking if libtool supports shared libraries
configure:11623: result: yes
configure:11626: checking whether to build shared libraries
configure:11647: result: yes
configure:11650: checking whether to build static libraries
configure:11654: result: yes
configure:11702: checking for dlfcn.h
configure:11702: result: yes
configure:11715: checking for windows.h
configure:11715: gcc -c -g -O2  conftest.c >&5
conftest.c:63:10: fatal error: windows.h: No such file or directory
   63 | #include <windows.h>
      |          ^~~~~~~~~~~
compilation terminated.
configure:11715: $? = 1
configure: failed program was:
| /* confdefs.h */
| #define PACKAGE_NAME "gas"
| #define PACKAGE_TARNAME "gas"
| #define PACKAGE_VERSION "2.34"
| #define PACKAGE_STRING "gas 2.34"
| #define PACKAGE_BUGREPORT ""
| #define PACKAGE_URL ""
| #define PACKAGE "gas"
| #define VERSION "2.34"
| #define STDC_HEADERS 1
| #define HAVE_SYS_TYPES_H 1
| #define HAVE_SYS_STAT_H 1
| #define HAVE_STDLIB_H 1
| #define HAVE_STRING_H 1
| #define HAVE_MEMORY_H 1
| #define HAVE_STRINGS_H 1
| #define HAVE_INTTYPES_H 1
| #define HAVE_STDINT_H 1
| #define HAVE_UNISTD_H 1
| #define __EXTENSIONS__ 1
| #define _ALL_SOURCE 1
| #define _GNU_SOURCE 1
| #define _POSIX_PTHREAD_SEMANTICS 1
| #define _TANDEM_SOURCE 1
| #define HAVE_DLFCN_H 1
| #define LT_OBJDIR ".libs/"
| #define HAVE_DLFCN_H 1
| /* end confdefs.h.  */
| #include <stdio.h>
| #ifdef HAVE_SYS_TYPES_H
| # include <sys/types.h>
| #endif
| #ifdef HAVE_SYS_STAT_H
| # include <sys/stat.h>
| #endif
| #ifdef STDC_HEADERS
| # include <stdlib.h>
| # include <stddef.h>
| #else
| # ifdef HAVE_STDLIB_H
| #  include <stdlib.h>
| # endif
| #endif
| #ifdef HAVE_STRING_H
| # if !defined STDC_HEADERS && defined HAVE_MEMORY_H
| #  include <memory.h>
| # endif
| # include <string.h>
| #endif
| #ifdef HAVE_STRINGS_H
| # include <strings.h>
| #endif
| #ifdef HAVE_INTTYPES_H
| # include <inttypes.h>
| #endif
| #ifdef HAVE_STDINT_H
| # include <stdint.h>
| #endif
| #ifdef HAVE_UNISTD_H
| # include <unistd.h>
| #endif
| 
| #include <windows.h>
configure:11715: result: no
configure:11742: checking for library containing dlsym
configure:11773: gcc -o conftest -g -O2    conftest.c  >&5
configure:11773: $? = 0
configure:11790: result: none required
configure:11821: checking for special C compiler options needed for large files
configure:11866: result: no
configure:11872: checking for _FILE_OFFSET_BITS value needed for large files
configure:11897: gcc -c -g -O2  conftest.c >&5
configure:11897: $? = 0
configure:11929: result: no
configure:12015: checking how to compare bootstrapped objects
configure:12040: result: cmp --ignore-initial=16 $$f1 $$f2
configure:12345: checking whether byte ordering is bigendian
configure:12360: gcc -c -g -O2  conftest.c >&5
conftest.c:30:16: error: unknown type name 'not'
   30 |                not a universal capable compiler
      |                ^~~
conftest.c:30:22: error: expected '=', ',', ';', 'asm' or '__attribute__' before 'universal'
   30 |                not a universal capable compiler
      |                      ^~~~~~~~~
conftest.c:30:22: error: unknown type name 'universal'
configure:12360: $? = 1
configure: failed program was:
| /* confdefs.h */
| #define PACKAGE_NAME "gas"
| #define PACKAGE_TARNAME "gas"
| #define PACKAGE_VERSION "2.34"
| #define PACKAGE_STRING "gas 2.34"
| #define PACKAGE_BUGREPORT ""
| #define PACKAGE_URL ""
| #define PACKAGE "gas"
| #define VERSION "2.34"
| #define STDC_HEADERS 1
| #define HAVE_SYS_TYPES_H 1
| #define HAVE_SYS_STAT_H 1
| #define HAVE_STDLIB_H 1
| #define HAVE_STRING_H 1
| #define HAVE_MEMORY_H 1
| #define HAVE_STRINGS_H 1
| #define HAVE_INTTYPES_H 1
| #define HAVE_STDINT_H 1
| #define HAVE_UNISTD_H 1
| #define __EXTENSIONS__ 1
| #define _ALL_SOURCE 1
| #define _GNU_SOURCE 1
| #define _POSIX_PTHREAD_SEMANTICS 1
| #define _TANDEM_SOURCE 1
| #define HAVE_DLFCN_H 1
| #define LT_OBJDIR ".libs/"
| #define HAVE_DLFCN_H 1
| /* end confdefs.h.  */
| #ifndef __APPLE_CC__
| 	       not a universal capable compiler
| 	     #endif
| 	     typedef int dummy;
| 
configure:12405: gcc -c -g -O2  conftest.c >&5
configure:12405: $? = 0
configure:12423: gcc -c -g -O2  conftest.c >&5
conftest.c: In function 'main':
conftest.c:36:18: error: unknown type name 'not'; did you mean 'ino_t'?
   36 |                  not big endian
      |                  ^~~
      |                  ino_t
conftest.c:36:26: error: expected '=', ',', ';', 'asm' or '__attribute__' before 'endian'
   36 |                  not big endian
      |                          ^~~~~~
configure:12423: $? = 1
configure: failed program was:
| /* confdefs.h */
| #define PACKAGE_NAME "gas"
| #define PACKAGE_TARNAME "gas"
| #define PACKAGE_VERSION "2.34"
| #define PACKAGE_STRING "gas 2.34"
| #define PACKAGE_BUGREPORT ""
| #define PACKAGE_URL ""
| #define PACKAGE "gas"
| #define VERSION "2.34"
| #define STDC_HEADERS 1
| #define HAVE_SYS_TYPES_H 1
| #define HAVE_SYS_STAT_H 1
| #define HAVE_STDLIB_H 1
| #define HAVE_STRING_H 1
| #define HAVE_MEMORY_H 1
| #define HAVE_STRINGS_H 1
| #define HAVE_INTTYPES_H 1
| #define HAVE_STDINT_H 1
| #define HAVE_UNISTD_H 1
| #define __EXTENSIONS__ 1
| #define _ALL_SOURCE 1
| #define _GNU_SOURCE 1
| #define _POSIX_PTHREAD_SEMANTICS 1
| #define _TANDEM_SOURCE 1
| #define HAVE_DLFCN_H 1
| #define LT_OBJDIR ".libs/"
| #define HAVE_DLFCN_H 1
| /* end confdefs.h.  */
| #include <sys/types.h>
| 		#include <sys/param.h>
| 
| int
| main ()
| {
| #if BYTE_ORDER != BIG_ENDIAN
| 		 not big endian
| 		#endif
| 
|   ;
|   return 0;
| }
configure:12551: result: no
configure:13433: checking for bison
configure:13460: result: /home/ubuntu/kerenel/binutils-2.34/missing bison -y
configure:13476: checking for flex
configure:13503: result: /home/ubuntu/kerenel/binutils-2.34/missing flex
configure:13650: checking whether NLS is requested
configure:13653: result: no
configure:13721: checking whether NLS is requested
configure:13730: result: no
configure:13768: checking for msgfmt
configure:13802: result: no
configure:13808: checking for gmsgfmt
configure:13839: result: :
configure:13879: checking for xgettext
configure:13913: result: no
configure:13950: checking for msgmerge
configure:13983: result: no
configure:14017: checking whether to enable maintainer-specific portions of Makefiles
configure:14026: result: no
configure:14052: checking for string.h
configure:14052: result: yes
configure:14052: checking for stdlib.h
configure:14052: result: yes
configure:14052: checking for memory.h
configure:14052: result: yes
configure:14052: checking for strings.h
configure:14052: result: yes
configure:14052: checking for unistd.h
configure:14052: result: yes
configure:14052: checking errno.h usability
configure:14052: gcc -c -g -O2  conftest.c >&5
configure:14052: $? = 0
configure:14052: result: yes
configure:14052: checking errno.h presence
configure:14052: gcc -E  conftest.c
configure:14052: $? = 0
configure:14052: result: yes
configure:14052: checking for errno.h
configure:14052: result: yes
configure:14052: checking for sys/types.h
configure:14052: result: yes
configure:14052: checking limits.h usability
configure:14052: gcc -c -g -O2  conftest.c >&5
configure:14052: $? = 0
configure:14052: result: yes
configure:14052: checking limits.h presence
configure:14052: gcc -E  conftest.c
configure:14052: $? = 0
configure:14052: result: yes
configure:14052: checking for limits.h
configure:14052: result: yes
configure:14052: checking locale.h usability
configure:14052: gcc -c -g -O2  conftest.c >&5
configure:14052: $? = 0
configure:14052: result: yes
configure:14052: checking locale.h presence
configure:14052: gcc -E  conftest.c
configure:14052: $? = 0
configure:14052: result: yes
configure:14052: checking for locale.h
configure:14052: result: yes
configure:14052: checking time.h usability
configure:14052: gcc -c -g -O2  conftest.c >&5
configure:14052: $? = 0
configure:14052: result: yes
configure:14052: checking time.h presence
configure:14052: gcc -E  conftest.c
configure:14052: $? = 0
configure:14052: result: yes
configure:14052: checking for time.h
configure:14052: result: yes
configure:14052: checking for sys/stat.h
configure:14052: result: yes
configure:14062: checking whether string.h and strings.h may both be included
configure:14079: gcc -c -g -O2  conftest.c >&5
configure:14079: $? = 0
configure:14086: result: yes
configure:14097: checking whether compiling a cross-assembler
configure:14107: result: yes
configure:14110: checking for size_t
configure:14110: gcc -c -g -O2  conftest.c >&5
configure:14110: $? = 0
configure:14110: gcc -c -g -O2  conftest.c >&5
conftest.c: In function 'main':
conftest.c:92:21: error: expected expression before ')' token
   92 | if (sizeof ((size_t)))
      |                     ^
configure:14110: $? = 1
configure: failed program was:
| /* confdefs.h */
| #define PACKAGE_NAME "gas"
| #define PACKAGE_TARNAME "gas"
| #define PACKAGE_VERSION "2.34"
| #define PACKAGE_STRING "gas 2.34"
| #define PACKAGE_BUGREPORT ""
| #define PACKAGE_URL ""
| #define PACKAGE "gas"
| #define VERSION "2.34"
| #define STDC_HEADERS 1
| #define HAVE_SYS_TYPES_H 1
| #define HAVE_SYS_STAT_H 1
| #define HAVE_STDLIB_H 1
| #define HAVE_STRING_H 1
| #define HAVE_MEMORY_H 1
| #define HAVE_STRINGS_H 1
| #define HAVE_INTTYPES_H 1
| #define HAVE_STDINT_H 1
| #define HAVE_UNISTD_H 1
| #define __EXTENSIONS__ 1
| #define _ALL_SOURCE 1
| #define _GNU_SOURCE 1
| #define _POSIX_PTHREAD_SEMANTICS 1
| #define _TANDEM_SOURCE 1
| #define HAVE_DLFCN_H 1
| #define LT_OBJDIR ".libs/"
| #define HAVE_DLFCN_H 1
| #define DEFAULT_ARCH "i386"
| #define DEFAULT_GENERATE_X86_RELAX_RELOCATIONS 1
| #define DEFAULT_GENERATE_ELF_STT_COMMON 0
| #define DEFAULT_GENERATE_BUILD_NOTES 0
| #define DEFAULT_X86_USED_NOTE 0
| #define DEFAULT_RISCV_ATTR 1
| #define DEFAULT_MIPS_FIX_LOONGSON3_LLSC 0
| #define EMULATIONS  &i386elf,
| #define DEFAULT_EMULATION "i386elf"
| #define TARGET_ALIAS "i386-elf"
| #define TARGET_CANONICAL "i386-pc-elf"
| #define TARGET_CPU "i386"
| #define TARGET_VENDOR "pc"
| #define TARGET_OS "elf"
| #define HAVE_STRING_H 1
| #define HAVE_STDLIB_H 1
| #define HAVE_MEMORY_H 1
| #define HAVE_STRINGS_H 1
| #define HAVE_UNISTD_H 1
| #define HAVE_ERRNO_H 1
| #define HAVE_SYS_TYPES_H 1
| #define HAVE_LIMITS_H 1
| #define HAVE_LOCALE_H 1
| #define HAVE_TIME_H 1
| #define HAVE_SYS_STAT_H 1
| #define STRING_WITH_STRINGS 1
| #define CROSS_COMPILE 1
| /* end confdefs.h.  */
| #include <stdio.h>
| #ifdef HAVE_SYS_TYPES_H
| # include <sys/types.h>
| #endif
| #ifdef HAVE_SYS_STAT_H
| # include <sys/stat.h>
| #endif
| #ifdef STDC_HEADERS
| # include <stdlib.h>
| # include <stddef.h>
| #else
| # ifdef HAVE_STDLIB_H
| #  include <stdlib.h>
| # endif
| #endif
| #ifdef HAVE_STRING_H
| # if !defined STDC_HEADERS && defined HAVE_MEMORY_H
| #  include <memory.h>
| # endif
| # include <string.h>
| #endif
| #ifdef HAVE_STRINGS_H
| # include <strings.h>
| #endif
| #ifdef HAVE_INTTYPES_H
| # include <inttypes.h>
| #endif
| #ifdef HAVE_STDINT_H
| # include <stdint.h>
| #endif
| #ifdef HAVE_UNISTD_H
| # include <unistd.h>
| #endif
| int
| main ()
| {
| if (sizeof ((size_t)))
| 	    return 0;
|   ;
|   return 0;
| }
configure:14110: result: yes
configure:14123: checking for working alloca.h
configure:14140: gcc -o conftest -g -O2    conftest.c  >&5
configure:14140: $? = 0
configure:14148: result: yes
configure:14156: checking for alloca
configure:14193: gcc -o conftest -g -O2    conftest.c  >&5
configure:14193: $? = 0
configure:14201: result: yes
configure:14307: checking for inline
configure:14323: gcc -c -g -O2  conftest.c >&5
configure:14323: $? = 0
configure:14331: result: inline
configure:14354: checking for unlink
configure:14354: gcc -o conftest -g -O2    conftest.c  >&5
configure:14354: $? = 0
configure:14354: result: yes
configure:14366: checking for sbrk
configure:14366: gcc -o conftest -g -O2    conftest.c  >&5
configure:14366: $? = 0
configure:14366: result: yes
configure:14366: checking for setlocale
configure:14366: gcc -o conftest -g -O2    conftest.c  >&5
configure:14366: $? = 0
configure:14366: result: yes
configure:14377: checking for strsignal
configure:14377: gcc -o conftest -g -O2    conftest.c  >&5
configure:14377: $? = 0
configure:14377: result: yes
configure:14388: checking for LC_MESSAGES
configure:14404: gcc -o conftest -g -O2    conftest.c  >&5
configure:14404: $? = 0
configure:14412: result: yes
configure:14563: checking for working assert macro
configure:14588: gcc -o conftest -g -O2    conftest.c  >&5
In file included from conftest.c:63:
conftest.c: In function 'main':
conftest.c:72:10: warning: implicit declaration of function 'strcmp' [-Wimplicit-function-declaration]
   72 | assert (!strcmp(s, "foo bar baz quux"));
      |          ^~~~~~
conftest.c:65:1: note: include '<string.h>' or provide a declaration of 'strcmp'
   64 | #include <stdio.h>
   65 | int
In file included from conftest.c:63:
conftest.c:72:10: warning: argument 1 null where non-null expected [-Wnonnull]
   72 | assert (!strcmp(s, "foo bar baz quux"));
      |          ^~~~~~~~~~~~~~~~~~~~~~~~~~~~~
conftest.c:72:10: note: in a call to built-in function 'strcmp'
configure:14588: $? = 0
configure:14596: result: yes
configure:14628: checking whether declaration is required for errno
configure:14652: gcc -o conftest -g -O2    conftest.c  >&5
configure:14652: $? = 0
configure:14660: result: no
configure:14669: checking for a known getopt prototype in unistd.h
configure:14685: gcc -c -g -O2  conftest.c >&5
configure:14685: $? = 0
configure:14693: result: yes
configure:14702: checking whether declaration is required for environ
configure:14722: gcc -o conftest -g -O2    conftest.c  >&5
configure:14722: $? = 0
configure:14730: result: no
configure:14739: checking whether declaration is required for ffs
configure:14759: gcc -o conftest -g -O2    conftest.c  >&5
configure:14759: $? = 0
configure:14767: result: no
configure:14776: checking whether declaration is required for free
configure:14796: gcc -o conftest -g -O2    conftest.c  >&5
configure:14796: $? = 0
configure:14804: result: no
configure:14813: checking whether declaration is required for malloc
configure:14833: gcc -o conftest -g -O2    conftest.c  >&5
configure:14833: $? = 0
configure:14841: result: no
configure:14850: checking whether declaration is required for sbrk
configure:14870: gcc -o conftest -g -O2    conftest.c  >&5
configure:14870: $? = 0
configure:14878: result: no
configure:14887: checking whether declaration is required for strstr
configure:14907: gcc -o conftest -g -O2    conftest.c  >&5
configure:14907: $? = 0
configure:14915: result: no
configure:14924: checking whether free is declared
configure:14924: gcc -c -g -O2  conftest.c >&5
configure:14924: $? = 0
configure:14924: result: yes
configure:14934: checking whether getenv is declared
configure:14934: gcc -c -g -O2  conftest.c >&5
configure:14934: $? = 0
configure:14934: result: yes
configure:14944: checking whether malloc is declared
configure:14944: gcc -c -g -O2  conftest.c >&5
configure:14944: $? = 0
configure:14944: result: yes
configure:14954: checking whether mempcpy is declared
configure:14954: gcc -c -g -O2  conftest.c >&5
configure:14954: $? = 0
configure:14954: result: yes
configure:14964: checking whether realloc is declared
configure:14964: gcc -c -g -O2  conftest.c >&5
configure:14964: $? = 0
configure:14964: result: yes
configure:14974: checking whether stpcpy is declared
configure:14974: gcc -c -g -O2  conftest.c >&5
configure:14974: $? = 0
configure:14974: result: yes
configure:14984: checking whether strstr is declared
configure:14984: gcc -c -g -O2  conftest.c >&5
configure:14984: $? = 0
configure:14984: result: yes
configure:14994: checking whether vsnprintf is declared
configure:14994: gcc -c -g -O2  conftest.c >&5
configure:14994: $? = 0
configure:14994: result: yes
configure:15004: checking whether asprintf is declared
configure:15004: gcc -c -g -O2  conftest.c >&5
configure:15004: $? = 0
configure:15004: result: yes
configure:15046: checking for struct tm.tm_gmtoff in time.h
configure:15064: gcc -c -g -O2  conftest.c >&5
In file included from /usr/include/time.h:25,
                 from conftest.c:75:
/usr/include/features.h:194:3: warning: #warning "_BSD_SOURCE and _SVID_SOURCE are deprecated, use _DEFAULT_SOURCE" [-Wcpp]
  194 | # warning "_BSD_SOURCE and _SVID_SOURCE are deprecated, use _DEFAULT_SOURCE"
      |   ^~~~~~~
configure:15064: $? = 0
configure:15078: result: yes
configure:15084: checking for struct stat.st_mtim.tv_sec in sys/stat.h
configure:15102: gcc -c -g -O2  conftest.c >&5
In file included from /usr/include/x86_64-linux-gnu/sys/stat.h:25,
                 from conftest.c:76:
/usr/include/features.h:194:3: warning: #warning "_BSD_SOURCE and _SVID_SOURCE are deprecated, use _DEFAULT_SOURCE" [-Wcpp]
  194 | # warning "_BSD_SOURCE and _SVID_SOURCE are deprecated, use _DEFAULT_SOURCE"
      |   ^~~~~~~
configure:15102: $? = 0
configure:15116: result: yes
configure:15119: checking for struct stat.st_mtim.tv_nsec in sys/stat.h
configure:15137: gcc -c -g -O2  conftest.c >&5
In file included from /usr/include/x86_64-linux-gnu/sys/stat.h:25,
                 from conftest.c:77:
/usr/include/features.h:194:3: warning: #warning "_BSD_SOURCE and _SVID_SOURCE are deprecated, use _DEFAULT_SOURCE" [-Wcpp]
  194 | # warning "_BSD_SOURCE and _SVID_SOURCE are deprecated, use _DEFAULT_SOURCE"
      |   ^~~~~~~
configure:15137: $? = 0
configure:15151: result: yes
configure:15226: updating cache ./config.cache
configure:15270: checking that generated files are newer than configure
configure:15276: result: done
configure:15308: creating ./config.status

## ---------------------- ##
## Running config.status. ##
## ---------------------- ##

This file was extended by gas config.status 2.34, which was
generated by GNU Autoconf 2.69.  Invocation command line was

  CONFIG_FILES    = 
  CONFIG_HEADERS  = 
  CONFIG_LINKS    = 
  CONFIG_COMMANDS = 
  $ ./config.status 

on ip-10-240-233-134

config.status:1184: creating .gdbinit
config.status:1184: creating Makefile
config.status:1184: creating doc/Makefile
config.status:1184: creating po/Makefile.in
config.status:1184: creating config.h
config.status:1413: executing depfiles commands
config.status:1413: executing libtool commands
config.status:1413: executing default-1 commands
config.status:1413: executing default commands

## ---------------- ##
## Cache variables. ##
## ---------------- ##

ac_cv_build=x86_64-pc-linux-gnu
ac_cv_c_bigendian=no
ac_cv_c_compiler_gnu=yes
ac_cv_c_inline=inline
ac_cv_env_CC_set=set
ac_cv_env_CC_value=gcc
ac_cv_env_CFLAGS_set=set
ac_cv_env_CFLAGS_value='-g -O2'
ac_cv_env_CPPFLAGS_set=
ac_cv_env_CPPFLAGS_value=
ac_cv_env_CPP_set=
ac_cv_env_CPP_value=
ac_cv_env_LDFLAGS_set=set
ac_cv_env_LDFLAGS_value=' '
ac_cv_env_LIBS_set=
ac_cv_env_LIBS_value=
ac_cv_env_YACC_set=set
ac_cv_env_YACC_value='/home/ubuntu/kerenel/binutils-2.34/missing bison -y'
ac_cv_env_YFLAGS_set=
ac_cv_env_YFLAGS_value=
ac_cv_env_build_alias_set=set
ac_cv_env_build_alias_value=x86_64-pc-linux-gnu
ac_cv_env_host_alias_set=set
ac_cv_env_host_alias_value=x86_64-pc-linux-gnu
ac_cv_env_target_alias_set=set
ac_cv_env_target_alias_value=i386-elf
ac_cv_func_alloca_works=yes
ac_cv_func_sbrk=yes
ac_cv_func_setlocale=yes
ac_cv_func_strsignal=yes
ac_cv_func_unlink=yes
ac_cv_have_decl_asprintf=yes
ac_cv_have_decl_free=yes
ac_cv_have_decl_getenv=yes
ac_cv_have_decl_malloc=yes
ac_cv_have_decl_mempcpy=yes
ac_cv_have_decl_realloc=yes
ac_cv_have_decl_stpcpy=yes
ac_cv_have_decl_strstr=yes
ac_cv_have_decl_vsnprintf=yes
ac_cv_header_dlfcn_h=yes
ac_cv_header_errno_h=yes
ac_cv_header_inttypes_h=yes
ac_cv_header_limits_h=yes
ac_cv_header_locale_h=yes
ac_cv_header_memory_h=yes
ac_cv_header_minix_config_h=no
ac_cv_header_stdc=yes
ac_cv_header_stdint_h=yes
ac_cv_header_stdlib_h=yes
ac_cv_header_string_h=yes
ac_cv_header_strings_h=yes
ac_cv_header_sys_stat_h=yes
ac_cv_header_sys_types_h=yes
ac_cv_header_time_h=yes
ac_cv_header_unistd_h=yes
ac_cv_header_windows_h=no
ac_cv_host=x86_64-pc-linux-gnu
ac_cv_objext=o
ac_cv_path_EGREP='/usr/bin/grep -E'
ac_cv_path_FGREP='/usr/bin/grep -F'
ac_cv_path_GMSGFMT=:
ac_cv_path_GREP=/usr/bin/grep
ac_cv_path_MSGFMT=:
ac_cv_path_MSGMERGE=:
ac_cv_path_SED=/usr/bin/sed
ac_cv_path_XGETTEXT=:
ac_cv_path_mkdir=/usr/bin/mkdir
ac_cv_prog_AR=ar
ac_cv_prog_AWK=gawk
ac_cv_prog_CC=gcc
ac_cv_prog_CPP='gcc -E'
ac_cv_prog_LEX='/home/ubuntu/kerenel/binutils-2.34/missing flex'
ac_cv_prog_OBJDUMP=objdump
ac_cv_prog_RANLIB=ranlib
ac_cv_prog_YACC='/home/ubuntu/kerenel/binutils-2.34/missing bison -y'
ac_cv_prog_ac_ct_STRIP=strip
ac_cv_prog_cc_c89=
ac_cv_prog_cc_g=yes
ac_cv_prog_make_make_set=yes
ac_cv_safe_to_define___extensions__=yes
ac_cv_search_dlsym='none required'
ac_cv_search_strerror='none required'
ac_cv_sys_file_offset_bits=no
ac_cv_sys_largefile_CC=no
ac_cv_target=i386-pc-elf
ac_cv_type_size_t=yes
ac_cv_working_alloca_h=yes
am_cv_CC_dependencies_compiler_type=gcc3
am_cv_make_support_nested_variables=yes
am_cv_prog_cc_c_o=yes
am_cv_val_LC_MESSAGES=yes
gas_cv_assert_ok=yes
gas_cv_decl_getopt_unistd_h=yes
gas_cv_decl_needed_environ=no
gas_cv_decl_needed_errno=no
gas_cv_decl_needed_ffs=no
gas_cv_decl_needed_free=no
gas_cv_decl_needed_malloc=no
gas_cv_decl_needed_sbrk=no
gas_cv_decl_needed_strstr=no
gas_cv_have_sys_stat_type_member_st_mtim_tv_nsec=yes
gas_cv_have_sys_stat_type_member_st_mtim_tv_sec=yes
gas_cv_have_time_type_member_tm_gmtoff=yes
gcc_cv_header_string=yes
gcc_cv_prog_cmp_skip='cmp --ignore-initial=16 $$f1 $$f2'
lt_cv_archive_cmds_need_lc=no
lt_cv_deplibs_check_method=pass_all
lt_cv_file_magic_cmd='$MAGIC_CMD'
lt_cv_file_magic_test_file=
lt_cv_ld_reload_flag=-r
lt_cv_nm_interface='BSD nm'
lt_cv_objdir=.libs
lt_cv_path_LD=ld
lt_cv_path_NM=nm
lt_cv_prog_compiler_c_o=yes
lt_cv_prog_compiler_pic_works=yes
lt_cv_prog_compiler_rtti_exceptions=no
lt_cv_prog_compiler_static_works=yes
lt_cv_prog_gnu_ld=yes
lt_cv_shlibpath_overrides_runpath=yes
lt_cv_sys_global_symbol_pipe='sed -n -e '\''s/^.*[	 ]\([ABCDGIRSTW][ABCDGIRSTW]*\)[	 ][	 ]*\([_A-Za-z][_A-Za-z0-9]*\)$/\1 \2 \2/p'\'''
lt_cv_sys_global_symbol_to_c_name_address='sed -n -e '\''s/^: \([^ ]*\) $/  {\"\1\", (void *) 0},/p'\'' -e '\''s/^[ABCDGIRSTW]* \([^ ]*\) \([^ ]*\)$/  {"\2", (void *) \&\2},/p'\'''
lt_cv_sys_global_symbol_to_c_name_address_lib_prefix='sed -n -e '\''s/^: \([^ ]*\) $/  {\"\1\", (void *) 0},/p'\'' -e '\''s/^[ABCDGIRSTW]* \([^ ]*\) \(lib[^ ]*\)$/  {"\2", (void *) \&\2},/p'\'' -e '\''s/^[ABCDGIRSTW]* \([^ ]*\) \([^ ]*\)$/  {"lib\2", (void *) \&\2},/p'\'''
lt_cv_sys_global_symbol_to_cdecl='sed -n -e '\''s/^T .* \(.*\)$/extern int \1();/p'\'' -e '\''s/^[ABCDGIRSTW]* .* \(.*\)$/extern char \1;/p'\'''
lt_cv_sys_max_cmd_len=1572864

## ----------------- ##
## Output variables. ##
## ----------------- ##

ACLOCAL='${SHELL} /home/ubuntu/kerenel/binutils-2.34/missing aclocal-1.15'
ALLOCA=''
AMDEPBACKSLASH='\'
AMDEP_FALSE='#'
AMDEP_TRUE=''
AMTAR='$${TAR-tar}'
AM_BACKSLASH='\'
AM_DEFAULT_V='$(AM_DEFAULT_VERBOSITY)'
AM_DEFAULT_VERBOSITY='1'
AM_V='$(V)'
AR='ar'
AUTOCONF='${SHELL} /home/ubuntu/kerenel/binutils-2.34/missing autoconf'
AUTOHEADER='${SHELL} /home/ubuntu/kerenel/binutils-2.34/missing autoheader'
AUTOMAKE='${SHELL} /home/ubuntu/kerenel/binutils-2.34/missing automake-1.15'
AWK='gawk'
CATALOGS=''
CATOBJEXT=''
CC='gcc'
CCDEPMODE='depmode=gcc3'
CFLAGS='-g -O2'
CPP='gcc -E'
CPPFLAGS=''
CYGPATH_W='echo'
DATADIRNAME=''
DEFS='-DHAVE_CONFIG_H'
DEPDIR='.deps'
DSYMUTIL=''
DUMPBIN=''
ECHO_C=''
ECHO_N='-n'
ECHO_T=''
EGREP='/usr/bin/grep -E'
EXEEXT=''
FGREP='/usr/bin/grep -F'
GDBINIT='.gdbinit'
GENCAT=''
GENINSRC_NEVER_FALSE=''
GENINSRC_NEVER_TRUE='#'
GMSGFMT=':'
GREP='/usr/bin/grep'
INCINTL=''
INSTALL_DATA='/usr/bin/install -c -m 644'
INSTALL_PROGRAM='/usr/bin/install -c'
INSTALL_SCRIPT='/usr/bin/install -c'
INSTALL_STRIP_PROGRAM='$(install_sh) -c -s'
INSTOBJEXT=''
LD='ld -m elf_x86_64'
LDFLAGS=' '
LEX='/home/ubuntu/kerenel/binutils-2.34/missing flex'
LEXLIB=''
LEX_OUTPUT_ROOT=''
LIBINTL=''
LIBINTL_DEP=''
LIBM=''
LIBOBJS=''
LIBS=''
LIBTOOL='$(SHELL) $(top_builddir)/libtool'
LIPO=''
LN_S='ln -s'
LTLIBOBJS=''
MAINT='#'
MAINTAINER_MODE_FALSE=''
MAINTAINER_MODE_TRUE='#'
MAKEINFO='/home/ubuntu/kerenel/binutils-2.34/missing makeinfo --split-size=5000000'
MKDIR_P='/usr/bin/mkdir -p'
MKINSTALLDIRS='$(top_builddir)/../mkinstalldirs'
MSGFMT=':'
MSGMERGE=':'
NM='nm'
NMEDIT=''
NO_WERROR=''
OBJDUMP='objdump'
OBJEXT='o'
OPCODES_LIB='../opcodes/libopcodes.la'
OTOOL64=''
OTOOL=''
PACKAGE='gas'
PACKAGE_BUGREPORT=''
PACKAGE_NAME='gas'
PACKAGE_STRING='gas 2.34'
PACKAGE_TARNAME='gas'
PACKAGE_URL=''
PACKAGE_VERSION='2.34'
PATH_SEPARATOR=':'
POSUB=''
RANLIB='ranlib'
SED='/usr/bin/sed'
SET_MAKE=''
SHELL='/bin/bash'
STRIP='strip'
USE_NLS='no'
VERSION='2.34'
WARN_CFLAGS='-W -Wall -Wstrict-prototypes -Wmissing-prototypes -Wshadow -Wstack-usage=262144'
WARN_CFLAGS_FOR_BUILD='-W -Wall -Wstrict-prototypes -Wmissing-prototypes -Wshadow -Wstack-usage=262144'
WARN_WRITE_STRINGS='-Wwrite-strings'
XGETTEXT=':'
YACC='/home/ubuntu/kerenel/binutils-2.34/missing bison -y'
YFLAGS=''
ac_ct_CC=''
ac_ct_DUMPBIN=''
am__EXEEXT_FALSE=''
am__EXEEXT_TRUE='#'
am__fastdepCC_FALSE='#'
am__fastdepCC_TRUE=''
am__include='include'
am__isrc=''
am__leading_dot='.'
am__nodep='_no'
am__quote=''
am__tar='$${TAR-tar} chof - "$$tardir"'
am__untar='$${TAR-tar} xf -'
atof='ieee'
bindir='${exec_prefix}/bin'
build='x86_64-pc-linux-gnu'
build_alias='x86_64-pc-linux-gnu'
build_cpu='x86_64'
build_os='linux-gnu'
build_vendor='pc'
cgen_cpu_prefix=''
datadir='${datarootdir}'
datarootdir='${prefix}/share'
do_compare='cmp --ignore-initial=16 $$f1 $$f2'
docdir='${datarootdir}/doc/${PACKAGE_TARNAME}'
dvidir='${docdir}'
exec_prefix='${prefix}'
extra_objects=''
host='x86_64-pc-linux-gnu'
host_alias='x86_64-pc-linux-gnu'
host_cpu='x86_64'
host_os='linux-gnu'
host_vendor='pc'
htmldir='${docdir}'
includedir='${prefix}/include'
infodir='${datarootdir}/info'
install_sh='${SHELL} /home/ubuntu/kerenel/binutils-2.34/install-sh'
install_tooldir='install-exec-tooldir'
libdir='${exec_prefix}/lib'
libexecdir='${exec_prefix}/libexec'
localedir='${datarootdir}/locale'
localstatedir='${prefix}/var'
mandir='${datarootdir}/man'
mkdir_p='$(MKDIR_P)'
obj_format='elf'
oldincludedir='/usr/include'
pdfdir='${docdir}'
prefix='/usr/local'
program_transform_name='s&^&i386-elf-&'
psdir='${docdir}'
sbindir='${exec_prefix}/sbin'
sharedstatedir='${prefix}/com'
sysconfdir='${prefix}/etc'
target='i386-pc-elf'
target_alias='i386-elf'
target_cpu='i386'
target_cpu_type='i386'
target_os='elf'
target_vendor='pc'
te_file='generic'
zlibdir='-L$(top_builddir)/../zlib'
zlibinc='-I$(top_srcdir)/../zlib'

## ----------- ##
## confdefs.h. ##
## ----------- ##

/* confdefs.h */
#define PACKAGE_NAME "gas"
#define PACKAGE_TARNAME "gas"
#define PACKAGE_VERSION "2.34"
#define PACKAGE_STRING "gas 2.34"
#define PACKAGE_BUGREPORT ""
#define PACKAGE_URL ""
#define PACKAGE "gas"
#define VERSION "2.34"
#define STDC_HEADERS 1
#define HAVE_SYS_TYPES_H 1
#define HAVE_SYS_STAT_H 1
#define HAVE_STDLIB_H 1
#define HAVE_STRING_H 1
#define HAVE_MEMORY_H 1
#define HAVE_STRINGS_H 1
#define HAVE_INTTYPES_H 1
#define HAVE_STDINT_H 1
#define HAVE_UNISTD_H 1
#define __EXTENSIONS__ 1
#define _ALL_SOURCE 1
#define _GNU_SOURCE 1
#define _POSIX_PTHREAD_SEMANTICS 1
#define _TANDEM_SOURCE 1
#define HAVE_DLFCN_H 1
#define LT_OBJDIR ".libs/"
#define HAVE_DLFCN_H 1
#define DEFAULT_ARCH "i386"
#define DEFAULT_GENERATE_X86_RELAX_RELOCATIONS 1
#define DEFAULT_GENERATE_ELF_STT_COMMON 0
#define DEFAULT_GENERATE_BUILD_NOTES 0
#define DEFAULT_X86_USED_NOTE 0
#define DEFAULT_RISCV_ATTR 1
#define DEFAULT_MIPS_FIX_LOONGSON3_LLSC 0
#define EMULATIONS  &i386elf,
#define DEFAULT_EMULATION "i386elf"
#define TARGET_ALIAS "i386-elf"
#define TARGET_CANONICAL "i386-pc-elf"
#define TARGET_CPU "i386"
#define TARGET_VENDOR "pc"
#define TARGET_OS "elf"
#define HAVE_STRING_H 1
#define HAVE_STDLIB_H 1
#define HAVE_MEMORY_H 1
#define HAVE_STRINGS_H 1
#define HAVE_UNISTD_H 1
#define HAVE_ERRNO_H 1
#define HAVE_SYS_TYPES_H 1
#define HAVE_LIMITS_H 1
#define HAVE_LOCALE_H 1
#define HAVE_TIME_H 1
#define HAVE_SYS_STAT_H 1
#define STRING_WITH_STRINGS 1
#define CROSS_COMPILE 1
#define HAVE_ALLOCA_H 1
#define HAVE_ALLOCA 1
#define HAVE_UNLINK 1
#define HAVE_SBRK 1
#define HAVE_SETLOCALE 1
#define HAVE_STRSIGNAL 1
#define HAVE_LC_MESSAGES 1
#define HAVE_DECL_GETOPT 1
#define HAVE_DECL_FREE 1
#define HAVE_DECL_GETENV 1
#define HAVE_DECL_MALLOC 1
#define HAVE_DECL_MEMPCPY 1
#define HAVE_DECL_REALLOC 1
#define HAVE_DECL_STPCPY 1
#define HAVE_DECL_STRSTR 1
#define HAVE_DECL_VSNPRINTF 1
#define HAVE_DECL_ASPRINTF 1
#define HAVE_TM_GMTOFF 1
#define HAVE_ST_MTIM_TV_SEC 1
#define HAVE_ST_MTIM_TV_NSEC 1

configure: exit 0
