This file contains any messages produced by compilers while
running configure, to aid debugging if configure makes a mistake.

It was created by binutils configure 2.34, which was
generated by GNU Autoconf 2.69.  Invocation command line was

  $ /home/ubuntu/kerenel/binutils-2.34/binutils/configure --srcdir=.././binutils --cache-file=./config.cache --with-gnu-as --with-gnu-ld --disable-nls --disable-werror --program-transform-name=s&^&i386-elf-& --disable-option-checking --build=x86_64-pc-linux-gnu --host=x86_64-pc-linux-gnu --target=i386-elf

## --------- ##
## Platform. ##
## --------- ##

hostname = ip-10-240-233-134
uname -m = x86_64
uname -r = 6.2.0-1018-aws
uname -s = Linux
uname -v = #18~22.04.1-Ubuntu SMP Wed Jan 10 22:54:16 UTC 2024

/usr/bin/uname -p = x86_64
/bin/uname -X     = unknown

/bin/arch              = x86_64
/usr/bin/arch -k       = unknown
/usr/convex/getsysinfo = unknown
/usr/bin/hostinfo      = unknown
/bin/machine           = unknown
/usr/bin/oslevel       = unknown
/bin/universe          = unknown

PATH: /opt/.devin/package/custom_binaries
PATH: /home/ubuntu/.local/bin
PATH: /home/ubuntu/.cargo/bin
PATH: /opt/.devin/package/custom_binaries
PATH: /home/ubuntu/.nvm/versions/node/v18.19.0/bin
PATH: /usr/local/sbin
PATH: /usr/local/bin
PATH: /usr/sbin
PATH: /usr/bin
PATH: /sbin
PATH: /bin
PATH: /usr/games
PATH: /usr/local/games
PATH: /snap/bin
PATH: /home/ubuntu/.local/share/coursier/bin


## ----------- ##
## Core tests. ##
## ----------- ##

configure:2500: creating cache ./config.cache
configure:2614: checking build system type
configure:2628: result: x86_64-pc-linux-gnu
configure:2648: checking host system type
configure:2661: result: x86_64-pc-linux-gnu
configure:2681: checking target system type
configure:2694: result: i386-pc-elf
configure:2731: checking for x86_64-pc-linux-gnu-gcc
configure:2758: result: gcc
configure:3027: checking for C compiler version
configure:3036: gcc --version >&5
gcc (Ubuntu 11.4.0-1ubuntu1~22.04) 11.4.0
Copyright (C) 2021 Free Software Foundation, Inc.
This is free software; see the source for copying conditions.  There is NO
warranty; not even for MERCHANTABILITY or FITNESS FOR A PARTICULAR PURPOSE.

configure:3047: $? = 0
configure:3036: gcc -v >&5
Using built-in specs.
COLLECT_GCC=gcc
COLLECT_LTO_WRAPPER=/usr/lib/gcc/x86_64-linux-gnu/11/lto-wrapper
OFFLOAD_TARGET_NAMES=nvptx-none:amdgcn-amdhsa
OFFLOAD_TARGET_DEFAULT=1
Target: x86_64-linux-gnu
Configured with: ../src/configure -v --with-pkgversion='Ubuntu 11.4.0-1ubuntu1~22.04' --with-bugurl=file:///usr/share/doc/gcc-11/README.Bugs --enable-languages=c,ada,c++,go,brig,d,fortran,objc,obj-c++,m2 --prefix=/usr --with-gcc-major-version-only --program-suffix=-11 --program-prefix=x86_64-linux-gnu- --enable-shared --enable-linker-build-id --libexecdir=/usr/lib --without-included-gettext --enable-threads=posix --libdir=/usr/lib --enable-nls --enable-bootstrap --enable-clocale=gnu --enable-libstdcxx-debug --enable-libstdcxx-time=yes --with-default-libstdcxx-abi=new --enable-gnu-unique-object --disable-vtable-verify --enable-plugin --enable-default-pie --with-system-zlib --enable-libphobos-checking=release --with-target-system-zlib=auto --enable-objc-gc=auto --enable-multiarch --disable-werror --enable-cet --with-arch-32=i686 --with-abi=m64 --with-multilib-list=m32,m64,mx32 --enable-multilib --with-tune=generic --enable-offload-targets=nvptx-none=/build/gcc-11-XeT9lY/gcc-11-11.4.0/debian/tmp-nvptx/usr,amdgcn-amdhsa=/build/gcc-11-XeT9lY/gcc-11-11.4.0/debian/tmp-gcn/usr --without-cuda-driver --enable-checking=release --build=x86_64-linux-gnu --host=x86_64-linux-gnu --target=x86_64-linux-gnu --with-build-config=bootstrap-lto-lean --enable-link-serialization=2
Thread model: posix
Supported LTO compression algorithms: zlib zstd
gcc version 11.4.0 (Ubuntu 11.4.0-1ubuntu1~22.04) 
... rest of stderr output deleted ...
configure:3047: $? = 0
configure:3036: gcc -V >&5
gcc: error: unrecognized command-line option '-V'
gcc: fatal error: no input files
compilation terminated.
configure:3047: $? = 1
configure:3036: gcc -qversion >&5
gcc: error: unrecognized command-line option '-qversion'; did you mean '--version'?
gcc: fatal error: no input files
compilation terminated.
configure:3047: $? = 1
configure:3067: checking whether the C compiler works
configure:3089: gcc -g -O2    conftest.c  >&5
configure:3093: $? = 0
configure:3141: result: yes
configure:3144: checking for C compiler default output file name
configure:3146: result: a.out
configure:3152: checking for suffix of executables
configure:3159: gcc -o conftest -g -O2    conftest.c  >&5
configure:3163: $? = 0
configure:3185: result: 
configure:3207: checking whether we are cross compiling
configure:3215: gcc -o conftest -g -O2    conftest.c  >&5
configure:3219: $? = 0
configure:3226: ./conftest
configure:3230: $? = 0
configure:3245: result: no
configure:3250: checking for suffix of object files
configure:3272: gcc -c -g -O2  conftest.c >&5
configure:3276: $? = 0
configure:3297: result: o
configure:3301: checking whether we are using the GNU C compiler
configure:3320: gcc -c -g -O2  conftest.c >&5
configure:3320: $? = 0
configure:3329: result: yes
configure:3338: checking whether gcc accepts -g
configure:3358: gcc -c -g  conftest.c >&5
configure:3358: $? = 0
configure:3399: result: yes
configure:3416: checking for gcc option to accept ISO C89
configure:3479: gcc  -c -g -O2  conftest.c >&5
configure:3479: $? = 0
configure:3492: result: none needed
configure:3517: checking whether gcc understands -c and -o together
configure:3539: gcc -c conftest.c -o conftest2.o
configure:3542: $? = 0
configure:3539: gcc -c conftest.c -o conftest2.o
configure:3542: $? = 0
configure:3554: result: yes
configure:3572: checking for library containing strerror
configure:3603: gcc -o conftest -g -O2    conftest.c  >&5
configure:3603: $? = 0
configure:3620: result: none required
configure:3645: checking for a BSD-compatible install
configure:3713: result: /usr/bin/install -c
configure:3724: checking whether build environment is sane
configure:3779: result: yes
configure:3927: checking for a thread-safe mkdir -p
configure:3966: result: /usr/bin/mkdir -p
configure:3973: checking for gawk
configure:4000: result: gawk
configure:4011: checking whether make sets $(MAKE)
configure:4033: result: yes
configure:4063: checking for style of include used by make
configure:4091: result: GNU
configure:4125: checking whether make supports nested variables
configure:4142: result: yes
configure:4227: checking dependency style of gcc
configure:4338: result: gcc3
configure:4405: checking for x86_64-pc-linux-gnu-gcc
configure:4432: result: gcc
configure:4701: checking for C compiler version
configure:4710: gcc --version >&5
gcc (Ubuntu 11.4.0-1ubuntu1~22.04) 11.4.0
Copyright (C) 2021 Free Software Foundation, Inc.
This is free software; see the source for copying conditions.  There is NO
warranty; not even for MERCHANTABILITY or FITNESS FOR A PARTICULAR PURPOSE.

configure:4721: $? = 0
configure:4710: gcc -v >&5
Using built-in specs.
COLLECT_GCC=gcc
COLLECT_LTO_WRAPPER=/usr/lib/gcc/x86_64-linux-gnu/11/lto-wrapper
OFFLOAD_TARGET_NAMES=nvptx-none:amdgcn-amdhsa
OFFLOAD_TARGET_DEFAULT=1
Target: x86_64-linux-gnu
Configured with: ../src/configure -v --with-pkgversion='Ubuntu 11.4.0-1ubuntu1~22.04' --with-bugurl=file:///usr/share/doc/gcc-11/README.Bugs --enable-languages=c,ada,c++,go,brig,d,fortran,objc,obj-c++,m2 --prefix=/usr --with-gcc-major-version-only --program-suffix=-11 --program-prefix=x86_64-linux-gnu- --enable-shared --enable-linker-build-id --libexecdir=/usr/lib --without-included-gettext --enable-threads=posix --libdir=/usr/lib --enable-nls --enable-bootstrap --enable-clocale=gnu --enable-libstdcxx-debug --enable-libstdcxx-time=yes --with-default-libstdcxx-abi=new --enable-gnu-unique-object --disable-vtable-verify --enable-plugin --enable-default-pie --with-system-zlib --enable-libphobos-checking=release --with-target-system-zlib=auto --enable-objc-gc=auto --enable-multiarch --disable-werror --enable-cet --with-arch-32=i686 --with-abi=m64 --with-multilib-list=m32,m64,mx32 --enable-multilib --with-tune=generic --enable-offload-targets=nvptx-none=/build/gcc-11-XeT9lY/gcc-11-11.4.0/debian/tmp-nvptx/usr,amdgcn-amdhsa=/build/gcc-11-XeT9lY/gcc-11-11.4.0/debian/tmp-gcn/usr --without-cuda-driver --enable-checking=release --build=x86_64-linux-gnu --host=x86_64-linux-gnu --target=x86_64-linux-gnu --with-build-config=bootstrap-lto-lean --enable-link-serialization=2
Thread model: posix
Supported LTO compression algorithms: zlib zstd
gcc version 11.4.0 (Ubuntu 11.4.0-1ubuntu1~22.04) 
... rest of stderr output deleted ...
configure:4721: $? = 0
configure:4710: gcc -V >&5
gcc: error: unrecognized command-line option '-V'
gcc: fatal error: no input files
compilation terminated.
configure:4721: $? = 1
configure:4710: gcc -qversion >&5
gcc: error: unrecognized command-line option '-qversion'; did you mean '--version'?
gcc: fatal error: no input files
compilation terminated.
configure:4721: $? = 1
configure:4725: checking whether we are using the GNU C compiler
configure:4753: result: yes
configure:4762: checking whether gcc accepts -g
configure:4823: result: yes
configure:4840: checking for gcc option to accept ISO C89
configure:4916: result: none needed
configure:4941: checking whether gcc understands -c and -o together
configure:4978: result: yes
configure:5000: checking how to run the C preprocessor
configure:5031: gcc -E  conftest.c
configure:5031: $? = 0
configure:5045: gcc -E  conftest.c
conftest.c:11:10: fatal error: ac_nonexistent.h: No such file or directory
   11 | #include <ac_nonexistent.h>
      |          ^~~~~~~~~~~~~~~~~~
compilation terminated.
configure:5045: $? = 1
configure: failed program was:
| /* confdefs.h */
| #define PACKAGE_NAME "binutils"
| #define PACKAGE_TARNAME "binutils"
| #define PACKAGE_VERSION "2.34"
| #define PACKAGE_STRING "binutils 2.34"
| #define PACKAGE_BUGREPORT ""
| #define PACKAGE_URL ""
| #define PACKAGE "binutils"
| #define VERSION "2.34"
| /* end confdefs.h.  */
| #include <ac_nonexistent.h>
configure:5070: result: gcc -E
configure:5090: gcc -E  conftest.c
configure:5090: $? = 0
configure:5104: gcc -E  conftest.c
conftest.c:11:10: fatal error: ac_nonexistent.h: No such file or directory
   11 | #include <ac_nonexistent.h>
      |          ^~~~~~~~~~~~~~~~~~
compilation terminated.
configure:5104: $? = 1
configure: failed program was:
| /* confdefs.h */
| #define PACKAGE_NAME "binutils"
| #define PACKAGE_TARNAME "binutils"
| #define PACKAGE_VERSION "2.34"
| #define PACKAGE_STRING "binutils 2.34"
| #define PACKAGE_BUGREPORT ""
| #define PACKAGE_URL ""
| #define PACKAGE "binutils"
| #define VERSION "2.34"
| /* end confdefs.h.  */
| #include <ac_nonexistent.h>
configure:5133: checking for grep that handles long lines and -e
configure:5191: result: /usr/bin/grep
configure:5196: checking for egrep
configure:5258: result: /usr/bin/grep -E
configure:5263: checking for ANSI C header files
configure:5283: gcc -c -g -O2  conftest.c >&5
configure:5283: $? = 0
configure:5356: gcc -o conftest -g -O2    conftest.c  >&5
configure:5356: $? = 0
configure:5356: ./conftest
configure:5356: $? = 0
configure:5367: result: yes
configure:5380: checking for sys/types.h
configure:5380: gcc -c -g -O2  conftest.c >&5
configure:5380: $? = 0
configure:5380: result: yes
configure:5380: checking for sys/stat.h
configure:5380: gcc -c -g -O2  conftest.c >&5
configure:5380: $? = 0
configure:5380: result: yes
configure:5380: checking for stdlib.h
configure:5380: gcc -c -g -O2  conftest.c >&5
configure:5380: $? = 0
configure:5380: result: yes
configure:5380: checking for string.h
configure:5380: gcc -c -g -O2  conftest.c >&5
configure:5380: $? = 0
configure:5380: result: yes
configure:5380: checking for memory.h
configure:5380: gcc -c -g -O2  conftest.c >&5
configure:5380: $? = 0
configure:5380: result: yes
configure:5380: checking for strings.h
configure:5380: gcc -c -g -O2  conftest.c >&5
configure:5380: $? = 0
configure:5380: result: yes
configure:5380: checking for inttypes.h
configure:5380: gcc -c -g -O2  conftest.c >&5
configure:5380: $? = 0
configure:5380: result: yes
configure:5380: checking for stdint.h
configure:5380: gcc -c -g -O2  conftest.c >&5
configure:5380: $? = 0
configure:5380: result: yes
configure:5380: checking for unistd.h
configure:5380: gcc -c -g -O2  conftest.c >&5
configure:5380: $? = 0
configure:5380: result: yes
configure:5393: checking minix/config.h usability
configure:5393: gcc -c -g -O2  conftest.c >&5
conftest.c:54:10: fatal error: minix/config.h: No such file or directory
   54 | #include <minix/config.h>
      |          ^~~~~~~~~~~~~~~~
compilation terminated.
configure:5393: $? = 1
configure: failed program was:
| /* confdefs.h */
| #define PACKAGE_NAME "binutils"
| #define PACKAGE_TARNAME "binutils"
| #define PACKAGE_VERSION "2.34"
| #define PACKAGE_STRING "binutils 2.34"
| #define PACKAGE_BUGREPORT ""
| #define PACKAGE_URL ""
| #define PACKAGE "binutils"
| #define VERSION "2.34"
| #define STDC_HEADERS 1
| #define HAVE_SYS_TYPES_H 1
| #define HAVE_SYS_STAT_H 1
| #define HAVE_STDLIB_H 1
| #define HAVE_STRING_H 1
| #define HAVE_MEMORY_H 1
| #define HAVE_STRINGS_H 1
| #define HAVE_INTTYPES_H 1
| #define HAVE_STDINT_H 1
| #define HAVE_UNISTD_H 1
| /* end confdefs.h.  */
| #include <stdio.h>
| #ifdef HAVE_SYS_TYPES_H
| # include <sys/types.h>
| #endif
| #ifdef HAVE_SYS_STAT_H
| # include <sys/stat.h>
| #endif
| #ifdef STDC_HEADERS
| # include <stdlib.h>
| # include <stddef.h>
| #else
| # ifdef HAVE_STDLIB_H
| #  include <stdlib.h>
| # endif
| #endif
| #ifdef HAVE_STRING_H
| # if !defined STDC_HEADERS && defined HAVE_MEMORY_H
| #  include <memory.h>
| # endif
| # include <string.h>
| #endif
| #ifdef HAVE_STRINGS_H
| # include <strings.h>
| #endif
| #ifdef HAVE_INTTYPES_H
| # include <inttypes.h>
| #endif
| #ifdef HAVE_STDINT_H
| # include <stdint.h>
| #endif
| #ifdef HAVE_UNISTD_H
| # include <unistd.h>
| #endif
| #include <minix/config.h>
configure:5393: result: no
configure:5393: checking minix/config.h presence
configure:5393: gcc -E  conftest.c
conftest.c:21:10: fatal error: minix/config.h: No such file or directory
   21 | #include <minix/config.h>
      |          ^~~~~~~~~~~~~~~~
compilation terminated.
configure:5393: $? = 1
configure: failed program was:
| /* confdefs.h */
| #define PACKAGE_NAME "binutils"
| #define PACKAGE_TARNAME "binutils"
| #define PACKAGE_VERSION "2.34"
| #define PACKAGE_STRING "binutils 2.34"
| #define PACKAGE_BUGREPORT ""
| #define PACKAGE_URL ""
| #define PACKAGE "binutils"
| #define VERSION "2.34"
| #define STDC_HEADERS 1
| #define HAVE_SYS_TYPES_H 1
| #define HAVE_SYS_STAT_H 1
| #define HAVE_STDLIB_H 1
| #define HAVE_STRING_H 1
| #define HAVE_MEMORY_H 1
| #define HAVE_STRINGS_H 1
| #define HAVE_INTTYPES_H 1
| #define HAVE_STDINT_H 1
| #define HAVE_UNISTD_H 1
| /* end confdefs.h.  */
| #include <minix/config.h>
configure:5393: result: no
configure:5393: checking for minix/config.h
configure:5393: result: no
configure:5414: checking whether it is safe to define __EXTENSIONS__
configure:5432: gcc -c -g -O2  conftest.c >&5
configure:5432: $? = 0
configure:5439: result: yes
configure:5502: checking how to print strings
configure:5529: result: printf
configure:5550: checking for a sed that does not truncate output
configure:5614: result: /usr/bin/sed
configure:5632: checking for fgrep
configure:5694: result: /usr/bin/grep -F
configure:5729: checking for ld used by gcc
configure:5796: result: ld
configure:5803: checking if the linker (ld) is GNU ld
configure:5818: result: yes
configure:5830: checking for BSD- or MS-compatible name lister (nm)
configure:5879: result: nm
configure:6009: checking the name lister (nm) interface
configure:6016: gcc -c -g -O2  conftest.c >&5
configure:6019: nm "conftest.o"
configure:6022: output
0000000000000000 B some_variable
configure:6029: result: BSD nm
configure:6032: checking whether ln -s works
configure:6036: result: yes
configure:6044: checking the maximum length of command line arguments
configure:6169: result: 1572864
configure:6186: checking whether the shell understands some XSI constructs
configure:6196: result: yes
configure:6200: checking whether the shell understands "+="
configure:6206: result: yes
configure:6241: checking for ld option to reload object files
configure:6248: result: -r
configure:6277: checking for x86_64-pc-linux-gnu-objdump
configure:6304: result: objdump
configure:6376: checking how to recognize dependent libraries
configure:6577: result: pass_all
configure:6597: checking for x86_64-pc-linux-gnu-ar
configure:6624: result: ar
configure:6702: checking for x86_64-pc-linux-gnu-strip
configure:6732: result: no
configure:6742: checking for strip
configure:6758: found /usr/bin/strip
configure:6769: result: strip
configure:6801: checking for x86_64-pc-linux-gnu-ranlib
configure:6828: result: ranlib
configure:6970: checking command to parse nm output from gcc object
configure:7088: gcc -c -g -O2  conftest.c >&5
configure:7091: $? = 0
configure:7095: nm conftest.o \| sed -n -e 's/^.*[ ]\([ABCDGIRSTW][ABCDGIRSTW]*\)[ ][ ]*\([_A-Za-z][_A-Za-z0-9]*\)$/\1 \2 \2/p' \> conftest.nm
configure:7098: $? = 0
configure:7152: gcc -o conftest -g -O2    conftest.c conftstm.o >&5
configure:7155: $? = 0
configure:7193: result: ok
configure:7288: gcc -c -g -O2  conftest.c >&5
configure:7291: $? = 0
configure:8041: checking for dlfcn.h
configure:8041: gcc -c -g -O2  conftest.c >&5
configure:8041: $? = 0
configure:8041: result: yes
configure:8228: checking for objdir
configure:8243: result: .libs
configure:8514: checking if gcc supports -fno-rtti -fno-exceptions
configure:8532: gcc -c -g -O2  -fno-rtti -fno-exceptions conftest.c >&5
cc1: warning: command-line option '-fno-rtti' is valid for C++/D/ObjC++ but not for C
configure:8536: $? = 0
configure:8549: result: no
configure:8569: checking for gcc option to produce PIC
configure:8855: result: -fPIC -DPIC
configure:8867: checking if gcc PIC flag -fPIC -DPIC works
configure:8885: gcc -c -g -O2  -fPIC -DPIC -DPIC conftest.c >&5
configure:8889: $? = 0
configure:8902: result: yes
configure:8926: checking if gcc static flag -static works
configure:8954: result: yes
configure:8969: checking if gcc supports -c -o file.o
configure:8990: gcc -c -g -O2  -o out/conftest2.o conftest.c >&5
configure:8994: $? = 0
configure:9016: result: yes
configure:9024: checking if gcc supports -c -o file.o
configure:9071: result: yes
configure:9104: checking whether the gcc linker (ld -m elf_x86_64) supports shared libraries
configure:10175: result: yes
configure:10212: checking whether -lc should be explicitly linked in
configure:10220: gcc -c -g -O2  conftest.c >&5
configure:10223: $? = 0
configure:10238: gcc -shared  -fPIC -DPIC conftest.o  -v -Wl,-soname -Wl,conftest -o conftest 2\>\&1 \| /usr/bin/grep  -lc  \>/dev/null 2\>\&1
configure:10241: $? = 0
configure:10255: result: no
configure:10420: checking dynamic linker characteristics
configure:10871: gcc -o conftest -g -O2    -Wl,-rpath -Wl,/foo conftest.c  >&5
configure:10871: $? = 0
configure:11093: result: GNU/Linux ld.so
configure:11200: checking how to hardcode library paths into programs
configure:11225: result: immediate
configure:11765: checking whether stripping libraries is possible
configure:11770: result: yes
configure:11805: checking if libtool supports shared libraries
configure:11807: result: yes
configure:11810: checking whether to build shared libraries
configure:11831: result: yes
configure:11834: checking whether to build static libraries
configure:11838: result: yes
configure:11886: checking for dlfcn.h
configure:11886: result: yes
configure:11899: checking for windows.h
configure:11899: gcc -c -g -O2  conftest.c >&5
conftest.c:63:10: fatal error: windows.h: No such file or directory
   63 | #include <windows.h>
      |          ^~~~~~~~~~~
compilation terminated.
configure:11899: $? = 1
configure: failed program was:
| /* confdefs.h */
| #define PACKAGE_NAME "binutils"
| #define PACKAGE_TARNAME "binutils"
| #define PACKAGE_VERSION "2.34"
| #define PACKAGE_STRING "binutils 2.34"
| #define PACKAGE_BUGREPORT ""
| #define PACKAGE_URL ""
| #define PACKAGE "binutils"
| #define VERSION "2.34"
| #define STDC_HEADERS 1
| #define HAVE_SYS_TYPES_H 1
| #define HAVE_SYS_STAT_H 1
| #define HAVE_STDLIB_H 1
| #define HAVE_STRING_H 1
| #define HAVE_MEMORY_H 1
| #define HAVE_STRINGS_H 1
| #define HAVE_INTTYPES_H 1
| #define HAVE_STDINT_H 1
| #define HAVE_UNISTD_H 1
| #define __EXTENSIONS__ 1
| #define _ALL_SOURCE 1
| #define _GNU_SOURCE 1
| #define _POSIX_PTHREAD_SEMANTICS 1
| #define _TANDEM_SOURCE 1
| #define HAVE_DLFCN_H 1
| #define LT_OBJDIR ".libs/"
| #define HAVE_DLFCN_H 1
| /* end confdefs.h.  */
| #include <stdio.h>
| #ifdef HAVE_SYS_TYPES_H
| # include <sys/types.h>
| #endif
| #ifdef HAVE_SYS_STAT_H
| # include <sys/stat.h>
| #endif
| #ifdef STDC_HEADERS
| # include <stdlib.h>
| # include <stddef.h>
| #else
| # ifdef HAVE_STDLIB_H
| #  include <stdlib.h>
| # endif
| #endif
| #ifdef HAVE_STRING_H
| # if !defined STDC_HEADERS && defined HAVE_MEMORY_H
| #  include <memory.h>
| # endif
| # include <string.h>
| #endif
| #ifdef HAVE_STRINGS_H
| # include <strings.h>
| #endif
| #ifdef HAVE_INTTYPES_H
| # include <inttypes.h>
| #endif
| #ifdef HAVE_STDINT_H
| # include <stdint.h>
| #endif
| #ifdef HAVE_UNISTD_H
| # include <unistd.h>
| #endif
| 
| #include <windows.h>
configure:11899: result: no
configure:11926: checking for library containing dlsym
configure:11957: gcc -o conftest -g -O2    conftest.c  >&5
configure:11957: $? = 0
configure:11974: result: none required
configure:12005: checking for special C compiler options needed for large files
configure:12050: result: no
configure:12056: checking for _FILE_OFFSET_BITS value needed for large files
configure:12081: gcc -c -g -O2  conftest.c >&5
configure:12081: $? = 0
configure:12113: result: no
configure:12252: checking whether to use debuginfod
configure:12254: result: auto
configure:12261: checking for debuginfod_begin in -ldebuginfod
configure:12286: gcc -o conftest -g -O2    conftest.c -ldebuginfod   >&5
/usr/bin/ld: cannot find -ldebuginfod: No such file or directory
collect2: error: ld returned 1 exit status
configure:12286: $? = 1
configure: failed program was:
| /* confdefs.h */
| #define PACKAGE_NAME "binutils"
| #define PACKAGE_TARNAME "binutils"
| #define PACKAGE_VERSION "2.34"
| #define PACKAGE_STRING "binutils 2.34"
| #define PACKAGE_BUGREPORT ""
| #define PACKAGE_URL ""
| #define PACKAGE "binutils"
| #define VERSION "2.34"
| #define STDC_HEADERS 1
| #define HAVE_SYS_TYPES_H 1
| #define HAVE_SYS_STAT_H 1
| #define HAVE_STDLIB_H 1
| #define HAVE_STRING_H 1
| #define HAVE_MEMORY_H 1
| #define HAVE_STRINGS_H 1
| #define HAVE_INTTYPES_H 1
| #define HAVE_STDINT_H 1
| #define HAVE_UNISTD_H 1
| #define __EXTENSIONS__ 1
| #define _ALL_SOURCE 1
| #define _GNU_SOURCE 1
| #define _POSIX_PTHREAD_SEMANTICS 1
| #define _TANDEM_SOURCE 1
| #define HAVE_DLFCN_H 1
| #define LT_OBJDIR ".libs/"
| #define HAVE_DLFCN_H 1
| #define DEFAULT_AR_DETERMINISTIC 0
| /* end confdefs.h.  */
| 
| /* Override any GCC internal prototype to avoid an error.
|    Use char because int might match the return type of a GCC
|    builtin and then its argument prototype would still apply.  */
| #ifdef __cplusplus
| extern "C"
| #endif
| char debuginfod_begin ();
| int
| main ()
| {
| return debuginfod_begin ();
|   ;
|   return 0;
| }
configure:12295: result: no
configure:12301: checking whether debuginfod_begin is declared
configure:12301: gcc -c -g -O2  conftest.c >&5
conftest.c:30:10: fatal error: elfutils/debuginfod.h: No such file or directory
   30 | #include <elfutils/debuginfod.h>
      |          ^~~~~~~~~~~~~~~~~~~~~~~
compilation terminated.
configure:12301: $? = 1
configure: failed program was:
| /* confdefs.h */
| #define PACKAGE_NAME "binutils"
| #define PACKAGE_TARNAME "binutils"
| #define PACKAGE_VERSION "2.34"
| #define PACKAGE_STRING "binutils 2.34"
| #define PACKAGE_BUGREPORT ""
| #define PACKAGE_URL ""
| #define PACKAGE "binutils"
| #define VERSION "2.34"
| #define STDC_HEADERS 1
| #define HAVE_SYS_TYPES_H 1
| #define HAVE_SYS_STAT_H 1
| #define HAVE_STDLIB_H 1
| #define HAVE_STRING_H 1
| #define HAVE_MEMORY_H 1
| #define HAVE_STRINGS_H 1
| #define HAVE_INTTYPES_H 1
| #define HAVE_STDINT_H 1
| #define HAVE_UNISTD_H 1
| #define __EXTENSIONS__ 1
| #define _ALL_SOURCE 1
| #define _GNU_SOURCE 1
| #define _POSIX_PTHREAD_SEMANTICS 1
| #define _TANDEM_SOURCE 1
| #define HAVE_DLFCN_H 1
| #define LT_OBJDIR ".libs/"
| #define HAVE_DLFCN_H 1
| #define DEFAULT_AR_DETERMINISTIC 0
| /* end confdefs.h.  */
| #include <elfutils/debuginfod.h>
| 
| int
| main ()
| {
| #ifndef debuginfod_begin
| #ifdef __cplusplus
|   (void) debuginfod_begin;
| #else
|   (void) debuginfod_begin;
| #endif
| #endif
| 
|   ;
|   return 0;
| }
configure:12301: result: no
configure:12319: WARNING: debuginfod is missing or unusable; some features may be unavailable.
configure:12501: checking for bison
configure:12528: result: /home/ubuntu/kerenel/binutils-2.34/missing bison -y
configure:12544: checking for flex
configure:12571: result: /home/ubuntu/kerenel/binutils-2.34/missing flex
configure:12718: checking whether NLS is requested
configure:12721: result: no
configure:12789: checking whether NLS is requested
configure:12798: result: no
configure:12836: checking for msgfmt
configure:12870: result: no
configure:12876: checking for gmsgfmt
configure:12907: result: :
configure:12947: checking for xgettext
configure:12981: result: no
configure:13018: checking for msgmerge
configure:13051: result: no
configure:13085: checking whether to enable maintainer-specific portions of Makefiles
configure:13094: result: no
configure:13139: checking for x86_64-pc-linux-gnu-ranlib
configure:13166: result: ranlib
configure:13279: checking size of long
configure:13284: gcc -o conftest -g -O2    conftest.c  >&5
configure:13284: $? = 0
configure:13284: ./conftest
configure:13284: $? = 0
configure:13298: result: 8
configure:13308: checking for long long
configure:13308: gcc -c -g -O2  conftest.c >&5
configure:13308: $? = 0
configure:13308: gcc -c -g -O2  conftest.c >&5
conftest.c: In function 'main':
conftest.c:69:24: error: expected expression before ')' token
   69 | if (sizeof ((long long)))
      |                        ^
configure:13308: $? = 1
configure: failed program was:
| /* confdefs.h */
| #define PACKAGE_NAME "binutils"
| #define PACKAGE_TARNAME "binutils"
| #define PACKAGE_VERSION "2.34"
| #define PACKAGE_STRING "binutils 2.34"
| #define PACKAGE_BUGREPORT ""
| #define PACKAGE_URL ""
| #define PACKAGE "binutils"
| #define VERSION "2.34"
| #define STDC_HEADERS 1
| #define HAVE_SYS_TYPES_H 1
| #define HAVE_SYS_STAT_H 1
| #define HAVE_STDLIB_H 1
| #define HAVE_STRING_H 1
| #define HAVE_MEMORY_H 1
| #define HAVE_STRINGS_H 1
| #define HAVE_INTTYPES_H 1
| #define HAVE_STDINT_H 1
| #define HAVE_UNISTD_H 1
| #define __EXTENSIONS__ 1
| #define _ALL_SOURCE 1
| #define _GNU_SOURCE 1
| #define _POSIX_PTHREAD_SEMANTICS 1
| #define _TANDEM_SOURCE 1
| #define HAVE_DLFCN_H 1
| #define LT_OBJDIR ".libs/"
| #define HAVE_DLFCN_H 1
| #define DEFAULT_AR_DETERMINISTIC 0
| #define DEFAULT_STRINGS_ALL 1
| #define EXECUTABLE_SUFFIX ""
| #define SIZEOF_LONG 8
| /* end confdefs.h.  */
| #include <stdio.h>
| #ifdef HAVE_SYS_TYPES_H
| # include <sys/types.h>
| #endif
| #ifdef HAVE_SYS_STAT_H
| # include <sys/stat.h>
| #endif
| #ifdef STDC_HEADERS
| # include <stdlib.h>
| # include <stddef.h>
| #else
| # ifdef HAVE_STDLIB_H
| #  include <stdlib.h>
| # endif
| #endif
| #ifdef HAVE_STRING_H
| # if !defined STDC_HEADERS && defined HAVE_MEMORY_H
| #  include <memory.h>
| # endif
| # include <string.h>
| #endif
| #ifdef HAVE_STRINGS_H
| # include <strings.h>
| #endif
| #ifdef HAVE_INTTYPES_H
| # include <inttypes.h>
| #endif
| #ifdef HAVE_STDINT_H
| # include <stdint.h>
| #endif
| #ifdef HAVE_UNISTD_H
| # include <unistd.h>
| #endif
| int
| main ()
| {
| if (sizeof ((long long)))
| 	    return 0;
|   ;
|   return 0;
| }
configure:13308: result: yes
configure:13319: checking size of long long
configure:13324: gcc -o conftest -g -O2    conftest.c  >&5
configure:13324: $? = 0
configure:13324: ./conftest
configure:13324: $? = 0
configure:13338: result: 8
configure:13354: checking for string.h
configure:13354: result: yes
configure:13354: checking for strings.h
configure:13354: result: yes
configure:13354: checking for stdlib.h
configure:13354: result: yes
configure:13354: checking for unistd.h
configure:13354: result: yes
configure:13354: checking fcntl.h usability
configure:13354: gcc -c -g -O2  conftest.c >&5
configure:13354: $? = 0
configure:13354: result: yes
configure:13354: checking fcntl.h presence
configure:13354: gcc -E  conftest.c
configure:13354: $? = 0
configure:13354: result: yes
configure:13354: checking for fcntl.h
configure:13354: result: yes
configure:13354: checking sys/file.h usability
configure:13354: gcc -c -g -O2  conftest.c >&5
configure:13354: $? = 0
configure:13354: result: yes
configure:13354: checking sys/file.h presence
configure:13354: gcc -E  conftest.c
configure:13354: $? = 0
configure:13354: result: yes
configure:13354: checking for sys/file.h
configure:13354: result: yes
configure:13354: checking limits.h usability
configure:13354: gcc -c -g -O2  conftest.c >&5
configure:13354: $? = 0
configure:13354: result: yes
configure:13354: checking limits.h presence
configure:13354: gcc -E  conftest.c
configure:13354: $? = 0
configure:13354: result: yes
configure:13354: checking for limits.h
configure:13354: result: yes
configure:13354: checking locale.h usability
configure:13354: gcc -c -g -O2  conftest.c >&5
configure:13354: $? = 0
configure:13354: result: yes
configure:13354: checking locale.h presence
configure:13354: gcc -E  conftest.c
configure:13354: $? = 0
configure:13354: result: yes
configure:13354: checking for locale.h
configure:13354: result: yes
configure:13354: checking sys/param.h usability
configure:13354: gcc -c -g -O2  conftest.c >&5
configure:13354: $? = 0
configure:13354: result: yes
configure:13354: checking sys/param.h presence
configure:13354: gcc -E  conftest.c
configure:13354: $? = 0
configure:13354: result: yes
configure:13354: checking for sys/param.h
configure:13354: result: yes
configure:13354: checking wchar.h usability
configure:13354: gcc -c -g -O2  conftest.c >&5
configure:13354: $? = 0
configure:13354: result: yes
configure:13354: checking wchar.h presence
configure:13354: gcc -E  conftest.c
configure:13354: $? = 0
configure:13354: result: yes
configure:13354: checking for wchar.h
configure:13354: result: yes
configure:13364: checking for sys/wait.h that is POSIX.1 compatible
configure:13390: gcc -c -g -O2  conftest.c >&5
configure:13390: $? = 0
configure:13397: result: yes
configure:13405: checking whether string.h and strings.h may both be included
configure:13422: gcc -c -g -O2  conftest.c >&5
configure:13422: $? = 0
configure:13429: result: yes
configure:13437: checking for size_t
configure:13437: gcc -c -g -O2  conftest.c >&5
configure:13437: $? = 0
configure:13437: gcc -c -g -O2  conftest.c >&5
conftest.c: In function 'main':
conftest.c:83:21: error: expected expression before ')' token
   83 | if (sizeof ((size_t)))
      |                     ^
configure:13437: $? = 1
configure: failed program was:
| /* confdefs.h */
| #define PACKAGE_NAME "binutils"
| #define PACKAGE_TARNAME "binutils"
| #define PACKAGE_VERSION "2.34"
| #define PACKAGE_STRING "binutils 2.34"
| #define PACKAGE_BUGREPORT ""
| #define PACKAGE_URL ""
| #define PACKAGE "binutils"
| #define VERSION "2.34"
| #define STDC_HEADERS 1
| #define HAVE_SYS_TYPES_H 1
| #define HAVE_SYS_STAT_H 1
| #define HAVE_STDLIB_H 1
| #define HAVE_STRING_H 1
| #define HAVE_MEMORY_H 1
| #define HAVE_STRINGS_H 1
| #define HAVE_INTTYPES_H 1
| #define HAVE_STDINT_H 1
| #define HAVE_UNISTD_H 1
| #define __EXTENSIONS__ 1
| #define _ALL_SOURCE 1
| #define _GNU_SOURCE 1
| #define _POSIX_PTHREAD_SEMANTICS 1
| #define _TANDEM_SOURCE 1
| #define HAVE_DLFCN_H 1
| #define LT_OBJDIR ".libs/"
| #define HAVE_DLFCN_H 1
| #define DEFAULT_AR_DETERMINISTIC 0
| #define DEFAULT_STRINGS_ALL 1
| #define EXECUTABLE_SUFFIX ""
| #define SIZEOF_LONG 8
| #define HAVE_LONG_LONG 1
| #define SIZEOF_LONG_LONG 8
| #define HAVE_STRING_H 1
| #define HAVE_STRINGS_H 1
| #define HAVE_STDLIB_H 1
| #define HAVE_UNISTD_H 1
| #define HAVE_FCNTL_H 1
| #define HAVE_SYS_FILE_H 1
| #define HAVE_LIMITS_H 1
| #define HAVE_LOCALE_H 1
| #define HAVE_SYS_PARAM_H 1
| #define HAVE_WCHAR_H 1
| #define HAVE_SYS_WAIT_H 1
| #define STRING_WITH_STRINGS 1
| /* end confdefs.h.  */
| #include <stdio.h>
| #ifdef HAVE_SYS_TYPES_H
| # include <sys/types.h>
| #endif
| #ifdef HAVE_SYS_STAT_H
| # include <sys/stat.h>
| #endif
| #ifdef STDC_HEADERS
| # include <stdlib.h>
| # include <stddef.h>
| #else
| # ifdef HAVE_STDLIB_H
| #  include <stdlib.h>
| # endif
| #endif
| #ifdef HAVE_STRING_H
| # if !defined STDC_HEADERS && defined HAVE_MEMORY_H
| #  include <memory.h>
| # endif
| # include <string.h>
| #endif
| #ifdef HAVE_STRINGS_H
| # include <strings.h>
| #endif
| #ifdef HAVE_INTTYPES_H
| # include <inttypes.h>
| #endif
| #ifdef HAVE_STDINT_H
| # include <stdint.h>
| #endif
| #ifdef HAVE_UNISTD_H
| # include <unistd.h>
| #endif
| int
| main ()
| {
| if (sizeof ((size_t)))
| 	    return 0;
|   ;
|   return 0;
| }
configure:13437: result: yes
configure:13450: checking for working alloca.h
configure:13467: gcc -o conftest -g -O2    conftest.c  >&5
configure:13467: $? = 0
configure:13475: result: yes
configure:13483: checking for alloca
configure:13520: gcc -o conftest -g -O2    conftest.c  >&5
configure:13520: $? = 0
configure:13528: result: yes
configure:13640: checking for stdlib.h
configure:13640: result: yes
configure:13640: checking for unistd.h
configure:13640: result: yes
configure:13640: checking for sys/param.h
configure:13640: result: yes
configure:13660: checking for getpagesize
configure:13660: gcc -o conftest -g -O2    conftest.c  >&5
configure:13660: $? = 0
configure:13660: result: yes
configure:13669: checking for working mmap
configure:13816: gcc -o conftest -g -O2    conftest.c  >&5
configure:13816: $? = 0
configure:13816: ./conftest
configure:13816: $? = 0
configure:13826: result: yes
configure:13838: checking for sbrk
configure:13838: gcc -o conftest -g -O2    conftest.c  >&5
configure:13838: $? = 0
configure:13838: result: yes
configure:13838: checking for utimes
configure:13838: gcc -o conftest -g -O2    conftest.c  >&5
configure:13838: $? = 0
configure:13838: result: yes
configure:13838: checking for setmode
configure:13838: gcc -o conftest -g -O2    conftest.c  >&5
/usr/bin/ld: /tmp/ccuHnaD9.o: in function `main':
/home/ubuntu/kerenel/binutils-2.34/binutils/conftest.c:90: undefined reference to `setmode'
collect2: error: ld returned 1 exit status
configure:13838: $? = 1
configure: failed program was:
| /* confdefs.h */
| #define PACKAGE_NAME "binutils"
| #define PACKAGE_TARNAME "binutils"
| #define PACKAGE_VERSION "2.34"
| #define PACKAGE_STRING "binutils 2.34"
| #define PACKAGE_BUGREPORT ""
| #define PACKAGE_URL ""
| #define PACKAGE "binutils"
| #define VERSION "2.34"
| #define STDC_HEADERS 1
| #define HAVE_SYS_TYPES_H 1
| #define HAVE_SYS_STAT_H 1
| #define HAVE_STDLIB_H 1
| #define HAVE_STRING_H 1
| #define HAVE_MEMORY_H 1
| #define HAVE_STRINGS_H 1
| #define HAVE_INTTYPES_H 1
| #define HAVE_STDINT_H 1
| #define HAVE_UNISTD_H 1
| #define __EXTENSIONS__ 1
| #define _ALL_SOURCE 1
| #define _GNU_SOURCE 1
| #define _POSIX_PTHREAD_SEMANTICS 1
| #define _TANDEM_SOURCE 1
| #define HAVE_DLFCN_H 1
| #define LT_OBJDIR ".libs/"
| #define HAVE_DLFCN_H 1
| #define DEFAULT_AR_DETERMINISTIC 0
| #define DEFAULT_STRINGS_ALL 1
| #define EXECUTABLE_SUFFIX ""
| #define SIZEOF_LONG 8
| #define HAVE_LONG_LONG 1
| #define SIZEOF_LONG_LONG 8
| #define HAVE_STRING_H 1
| #define HAVE_STRINGS_H 1
| #define HAVE_STDLIB_H 1
| #define HAVE_UNISTD_H 1
| #define HAVE_FCNTL_H 1
| #define HAVE_SYS_FILE_H 1
| #define HAVE_LIMITS_H 1
| #define HAVE_LOCALE_H 1
| #define HAVE_SYS_PARAM_H 1
| #define HAVE_WCHAR_H 1
| #define HAVE_SYS_WAIT_H 1
| #define STRING_WITH_STRINGS 1
| #define HAVE_ALLOCA_H 1
| #define HAVE_ALLOCA 1
| #define HAVE_STDLIB_H 1
| #define HAVE_UNISTD_H 1
| #define HAVE_SYS_PARAM_H 1
| #define HAVE_GETPAGESIZE 1
| #define HAVE_MMAP 1
| #define HAVE_SBRK 1
| #define HAVE_UTIMES 1
| /* end confdefs.h.  */
| /* Define setmode to an innocuous variant, in case <limits.h> declares setmode.
|    For example, HP-UX 11i <limits.h> declares gettimeofday.  */
| #define setmode innocuous_setmode
| 
| /* System header to define __stub macros and hopefully few prototypes,
|     which can conflict with char setmode (); below.
|     Prefer <limits.h> to <assert.h> if __STDC__ is defined, since
|     <limits.h> exists even on freestanding compilers.  */
| 
| #ifdef __STDC__
| # include <limits.h>
| #else
| # include <assert.h>
| #endif
| 
| #undef setmode
| 
| /* Override any GCC internal prototype to avoid an error.
|    Use char because int might match the return type of a GCC
|    builtin and then its argument prototype would still apply.  */
| #ifdef __cplusplus
| extern "C"
| #endif
| char setmode ();
| /* The GNU C library defines this for functions which it implements
|     to always fail with ENOSYS.  Some functions are actually named
|     something starting with __ and the normal name is an alias.  */
| #if defined __stub_setmode || defined __stub___setmode
| choke me
| #endif
| 
| int
| main ()
| {
| return setmode ();
|   ;
|   return 0;
| }
configure:13838: result: no
configure:13838: checking for getc_unlocked
configure:13838: gcc -o conftest -g -O2    conftest.c  >&5
configure:13838: $? = 0
configure:13838: result: yes
configure:13838: checking for strcoll
configure:13838: gcc -o conftest -g -O2    conftest.c  >&5
configure:13838: $? = 0
configure:13838: result: yes
configure:13838: checking for setlocale
configure:13838: gcc -o conftest -g -O2    conftest.c  >&5
configure:13838: $? = 0
configure:13838: result: yes
configure:13847: checking for mkstemp
configure:13847: gcc -o conftest -g -O2    conftest.c  >&5
configure:13847: $? = 0
configure:13847: result: yes
configure:13854: checking for mkdtemp
configure:13854: gcc -o conftest -g -O2    conftest.c  >&5
configure:13854: $? = 0
configure:13854: result: yes
configure:13861: checking for mbstate_t
configure:13874: gcc -c -g -O2  conftest.c >&5
configure:13874: $? = 0
configure:13880: result: yes
configure:13889: checking for library containing frexp
configure:13920: gcc -o conftest -g -O2    conftest.c  >&5
conftest.c:69:6: warning: conflicting types for built-in function 'frexp'; expected 'double(double,  int *)' [-Wbuiltin-declaration-mismatch]
   69 | char frexp ();
      |      ^~~~~
conftest.c:1:1: note: 'frexp' is declared in header '<math.h>'
    1 | /* confdefs.h */
configure:13920: $? = 0
configure:13937: result: none required
configure:13947: checking for LC_MESSAGES
configure:13963: gcc -o conftest -g -O2    conftest.c  >&5
configure:13963: $? = 0
configure:13971: result: yes
configure:13980: checking for time_t in time.h
configure:13996: gcc -c -g -O2  conftest.c >&5
configure:13996: $? = 0
configure:14004: result: yes
configure:14012: checking for time_t in sys/types.h
configure:14028: gcc -c -g -O2  conftest.c >&5
configure:14028: $? = 0
configure:14036: result: yes
configure:14044: checking for a known getopt prototype in unistd.h
configure:14060: gcc -c -g -O2  conftest.c >&5
configure:14060: $? = 0
configure:14068: result: yes
configure:14078: checking for utime.h
configure:14098: gcc -c -g -O2  conftest.c >&5
configure:14098: $? = 0
configure:14106: result: yes
configure:14114: checking whether asprintf is declared
configure:14114: gcc -c -g -O2  conftest.c >&5
configure:14114: $? = 0
configure:14114: result: yes
configure:14124: checking whether environ is declared
configure:14124: gcc -c -g -O2  conftest.c >&5
configure:14124: $? = 0
configure:14124: result: yes
configure:14134: checking whether fprintf is declared
configure:14134: gcc -c -g -O2  conftest.c >&5
configure:14134: $? = 0
configure:14134: result: yes
configure:14144: checking whether getc_unlocked is declared
configure:14144: gcc -c -g -O2  conftest.c >&5
configure:14144: $? = 0
configure:14144: result: yes
configure:14154: checking whether getenv is declared
configure:14154: gcc -c -g -O2  conftest.c >&5
configure:14154: $? = 0
configure:14154: result: yes
configure:14164: checking whether sbrk is declared
configure:14164: gcc -c -g -O2  conftest.c >&5
configure:14164: $? = 0
configure:14164: result: yes
configure:14174: checking whether snprintf is declared
configure:14174: gcc -c -g -O2  conftest.c >&5
configure:14174: $? = 0
configure:14174: result: yes
configure:14184: checking whether stpcpy is declared
configure:14184: gcc -c -g -O2  conftest.c >&5
configure:14184: $? = 0
configure:14184: result: yes
configure:14194: checking whether strnlen is declared
configure:14194: gcc -c -g -O2  conftest.c >&5
configure:14194: $? = 0
configure:14194: result: yes
configure:14204: checking whether strstr is declared
configure:14204: gcc -c -g -O2  conftest.c >&5
configure:14204: $? = 0
configure:14204: result: yes
configure:14214: checking whether vsnprintf is declared
configure:14214: gcc -c -g -O2  conftest.c >&5
configure:14214: $? = 0
configure:14214: result: yes
configure:14271: checking iconv.h usability
configure:14271: gcc -c -g -O2  conftest.c >&5
configure:14271: $? = 0
configure:14271: result: yes
configure:14271: checking iconv.h presence
configure:14271: gcc -E  conftest.c
configure:14271: $? = 0
configure:14271: result: yes
configure:14271: checking for iconv.h
configure:14271: result: yes
configure:14317: checking for ld used by GCC
configure:14380: result: ld -m elf_x86_64
configure:14387: checking if the linker (ld -m elf_x86_64) is GNU ld
GNU ld (GNU Binutils for Ubuntu) 2.38
configure:14399: result: yes
configure:14405: checking for shared library run path origin
configure:14418: result: done
configure:14823: checking for iconv
configure:14847: gcc -o conftest -g -O2     conftest.c  >&5
configure:14847: $? = 0
configure:14921: result: yes
configure:14964: checking for iconv declaration
configure:14993: gcc -c -g -O2  conftest.c >&5
configure:14993: $? = 0
configure:15004: result: 
         extern size_t iconv (iconv_t cd, char * *inbuf, size_t *inbytesleft, char * *outbuf, size_t *outbytesleft);
configure:15323: updating cache ./config.cache
configure:15367: checking that generated files are newer than configure
configure:15373: result: done
configure:15404: creating ./config.status

## ---------------------- ##
## Running config.status. ##
## ---------------------- ##

This file was extended by binutils config.status 2.34, which was
generated by GNU Autoconf 2.69.  Invocation command line was

  CONFIG_FILES    = 
  CONFIG_HEADERS  = 
  CONFIG_LINKS    = 
  CONFIG_COMMANDS = 
  $ ./config.status 

on ip-10-240-233-134

config.status:1191: creating Makefile
config.status:1191: creating doc/Makefile
config.status:1191: creating po/Makefile.in
config.status:1191: creating config.h
config.status:1420: executing depfiles commands
config.status:1420: executing libtool commands
config.status:1420: executing default-1 commands

## ---------------- ##
## Cache variables. ##
## ---------------- ##

ac_cv_build=x86_64-pc-linux-gnu
ac_cv_c_compiler_gnu=yes
ac_cv_env_CC_set=set
ac_cv_env_CC_value=gcc
ac_cv_env_CFLAGS_set=set
ac_cv_env_CFLAGS_value='-g -O2'
ac_cv_env_CPPFLAGS_set=
ac_cv_env_CPPFLAGS_value=
ac_cv_env_CPP_set=
ac_cv_env_CPP_value=
ac_cv_env_LDFLAGS_set=set
ac_cv_env_LDFLAGS_value=' '
ac_cv_env_LIBS_set=
ac_cv_env_LIBS_value=
ac_cv_env_YACC_set=set
ac_cv_env_YACC_value='/home/ubuntu/kerenel/binutils-2.34/missing bison -y'
ac_cv_env_YFLAGS_set=
ac_cv_env_YFLAGS_value=
ac_cv_env_build_alias_set=set
ac_cv_env_build_alias_value=x86_64-pc-linux-gnu
ac_cv_env_host_alias_set=set
ac_cv_env_host_alias_value=x86_64-pc-linux-gnu
ac_cv_env_target_alias_set=set
ac_cv_env_target_alias_value=i386-elf
ac_cv_func_alloca_works=yes
ac_cv_func_getc_unlocked=yes
ac_cv_func_getpagesize=yes
ac_cv_func_mkdtemp=yes
ac_cv_func_mkstemp=yes
ac_cv_func_mmap_fixed_mapped=yes
ac_cv_func_sbrk=yes
ac_cv_func_setlocale=yes
ac_cv_func_setmode=no
ac_cv_func_strcoll=yes
ac_cv_func_utimes=yes
ac_cv_have_decl_asprintf=yes
ac_cv_have_decl_debuginfod_begin=no
ac_cv_have_decl_environ=yes
ac_cv_have_decl_fprintf=yes
ac_cv_have_decl_getc_unlocked=yes
ac_cv_have_decl_getenv=yes
ac_cv_have_decl_sbrk=yes
ac_cv_have_decl_snprintf=yes
ac_cv_have_decl_stpcpy=yes
ac_cv_have_decl_strnlen=yes
ac_cv_have_decl_strstr=yes
ac_cv_have_decl_vsnprintf=yes
ac_cv_header_dlfcn_h=yes
ac_cv_header_fcntl_h=yes
ac_cv_header_iconv_h=yes
ac_cv_header_inttypes_h=yes
ac_cv_header_limits_h=yes
ac_cv_header_locale_h=yes
ac_cv_header_memory_h=yes
ac_cv_header_minix_config_h=no
ac_cv_header_stdc=yes
ac_cv_header_stdint_h=yes
ac_cv_header_stdlib_h=yes
ac_cv_header_string_h=yes
ac_cv_header_strings_h=yes
ac_cv_header_sys_file_h=yes
ac_cv_header_sys_param_h=yes
ac_cv_header_sys_stat_h=yes
ac_cv_header_sys_types_h=yes
ac_cv_header_sys_wait_h=yes
ac_cv_header_unistd_h=yes
ac_cv_header_wchar_h=yes
ac_cv_header_windows_h=no
ac_cv_host=x86_64-pc-linux-gnu
ac_cv_lib_debuginfod_debuginfod_begin=no
ac_cv_objext=o
ac_cv_path_EGREP='/usr/bin/grep -E'
ac_cv_path_FGREP='/usr/bin/grep -F'
ac_cv_path_GMSGFMT=:
ac_cv_path_GREP=/usr/bin/grep
ac_cv_path_MSGFMT=:
ac_cv_path_MSGMERGE=:
ac_cv_path_SED=/usr/bin/sed
ac_cv_path_XGETTEXT=:
ac_cv_path_mkdir=/usr/bin/mkdir
ac_cv_prog_AR=ar
ac_cv_prog_AWK=gawk
ac_cv_prog_CC=gcc
ac_cv_prog_CPP='gcc -E'
ac_cv_prog_LEX='/home/ubuntu/kerenel/binutils-2.34/missing flex'
ac_cv_prog_OBJDUMP=objdump
ac_cv_prog_RANLIB=ranlib
ac_cv_prog_YACC='/home/ubuntu/kerenel/binutils-2.34/missing bison -y'
ac_cv_prog_ac_ct_STRIP=strip
ac_cv_prog_cc_c89=
ac_cv_prog_cc_g=yes
ac_cv_prog_make_make_set=yes
ac_cv_safe_to_define___extensions__=yes
ac_cv_search_dlsym='none required'
ac_cv_search_frexp='none required'
ac_cv_search_strerror='none required'
ac_cv_sizeof_long=8
ac_cv_sizeof_long_long=8
ac_cv_sys_file_offset_bits=no
ac_cv_sys_largefile_CC=no
ac_cv_target=i386-pc-elf
ac_cv_type_long_long=yes
ac_cv_type_size_t=yes
ac_cv_working_alloca_h=yes
acl_cv_hardcode_direct=no
acl_cv_hardcode_libdir_flag_spec='${wl}-rpath ${wl}$libdir'
acl_cv_hardcode_libdir_separator=
acl_cv_hardcode_minus_L=no
acl_cv_libext=a
acl_cv_path_LD='ld -m elf_x86_64'
acl_cv_prog_gnu_ld=yes
acl_cv_rpath=done
acl_cv_shlibext=so
acl_cv_wl=-Wl,
am_cv_CC_dependencies_compiler_type=gcc3
am_cv_func_iconv=yes
am_cv_lib_iconv=no
am_cv_make_support_nested_variables=yes
am_cv_prog_cc_c_o=yes
am_cv_proto_iconv='extern size_t iconv (iconv_t cd, char * *inbuf, size_t *inbytesleft, char * *outbuf, size_t *outbytesleft);'
am_cv_proto_iconv_arg1=
am_cv_val_LC_MESSAGES=yes
bu_cv_decl_getopt_unistd_h=yes
bu_cv_decl_time_t_time_h=yes
bu_cv_decl_time_t_types_h=yes
bu_cv_header_utime_h=yes
gcc_cv_header_string=yes
lt_cv_archive_cmds_need_lc=no
lt_cv_deplibs_check_method=pass_all
lt_cv_file_magic_cmd='$MAGIC_CMD'
lt_cv_file_magic_test_file=
lt_cv_ld_reload_flag=-r
lt_cv_nm_interface='BSD nm'
lt_cv_objdir=.libs
lt_cv_path_LD=ld
lt_cv_path_NM=nm
lt_cv_prog_compiler_c_o=yes
lt_cv_prog_compiler_pic_works=yes
lt_cv_prog_compiler_rtti_exceptions=no
lt_cv_prog_compiler_static_works=yes
lt_cv_prog_gnu_ld=yes
lt_cv_shlibpath_overrides_runpath=yes
lt_cv_sys_global_symbol_pipe='sed -n -e '\''s/^.*[	 ]\([ABCDGIRSTW][ABCDGIRSTW]*\)[	 ][	 ]*\([_A-Za-z][_A-Za-z0-9]*\)$/\1 \2 \2/p'\'''
lt_cv_sys_global_symbol_to_c_name_address='sed -n -e '\''s/^: \([^ ]*\) $/  {\"\1\", (void *) 0},/p'\'' -e '\''s/^[ABCDGIRSTW]* \([^ ]*\) \([^ ]*\)$/  {"\2", (void *) \&\2},/p'\'''
lt_cv_sys_global_symbol_to_c_name_address_lib_prefix='sed -n -e '\''s/^: \([^ ]*\) $/  {\"\1\", (void *) 0},/p'\'' -e '\''s/^[ABCDGIRSTW]* \([^ ]*\) \(lib[^ ]*\)$/  {"\2", (void *) \&\2},/p'\'' -e '\''s/^[ABCDGIRSTW]* \([^ ]*\) \([^ ]*\)$/  {"lib\2", (void *) \&\2},/p'\'''
lt_cv_sys_global_symbol_to_cdecl='sed -n -e '\''s/^T .* \(.*\)$/extern int \1();/p'\'' -e '\''s/^[ABCDGIRSTW]* .* \(.*\)$/extern char \1;/p'\'''
lt_cv_sys_max_cmd_len=1572864

## ----------------- ##
## Output variables. ##
## ----------------- ##

ACLOCAL='${SHELL} /home/ubuntu/kerenel/binutils-2.34/missing aclocal-1.15'
ALLOCA=''
AMDEPBACKSLASH='\'
AMDEP_FALSE='#'
AMDEP_TRUE=''
AMTAR='$${TAR-tar}'
AM_BACKSLASH='\'
AM_DEFAULT_V='$(AM_DEFAULT_VERBOSITY)'
AM_DEFAULT_VERBOSITY='1'
AM_V='$(V)'
AR='ar'
AUTOCONF='${SHELL} /home/ubuntu/kerenel/binutils-2.34/missing autoconf'
AUTOHEADER='${SHELL} /home/ubuntu/kerenel/binutils-2.34/missing autoheader'
AUTOMAKE='${SHELL} /home/ubuntu/kerenel/binutils-2.34/missing automake-1.15'
AWK='gawk'
BUILD_DLLTOOL=''
BUILD_DLLWRAP=''
BUILD_INSTALL_MISC=''
BUILD_MISC=''
BUILD_SRCONV=''
BUILD_WINDMC=''
BUILD_WINDRES=''
CATALOGS=''
CATOBJEXT=''
CC='gcc'
CCDEPMODE='depmode=gcc3'
CC_FOR_BUILD='gcc'
CFLAGS='-g -O2'
CPP='gcc -E'
CPPFLAGS=''
CYGPATH_W='echo'
DATADIRNAME=''
DEFS='-DHAVE_CONFIG_H'
DEMANGLER_NAME='c++filt'
DEPDIR='.deps'
DLLTOOL_DEFS=' '
DSYMUTIL=''
DUMPBIN=''
ECHO_C=''
ECHO_N='-n'
ECHO_T=''
EGREP='/usr/bin/grep -E'
EMULATION='vanilla'
EMULATION_VECTOR='bin_vanilla_emulation'
EXEEXT=''
EXEEXT_FOR_BUILD='$(EXEEXT)'
FGREP='/usr/bin/grep -F'
GENCAT=''
GENINSRC_NEVER_FALSE=''
GENINSRC_NEVER_TRUE='#'
GMSGFMT=':'
GREP='/usr/bin/grep'
HDEFINES=''
INCINTL=''
INSTALL_DATA='/usr/bin/install -c -m 644'
INSTALL_PROGRAM='/usr/bin/install -c'
INSTALL_SCRIPT='/usr/bin/install -c'
INSTALL_STRIP_PROGRAM='$(install_sh) -c -s'
INSTOBJEXT=''
LD='ld -m elf_x86_64'
LDFLAGS=' '
LEX='/home/ubuntu/kerenel/binutils-2.34/missing flex'
LEXLIB=''
LEX_OUTPUT_ROOT=''
LIBDEBUGINFOD=''
LIBICONV=''
LIBINTL=''
LIBINTL_DEP=''
LIBOBJS=''
LIBS=''
LIBTOOL='$(SHELL) $(top_builddir)/libtool'
LIPO=''
LN_S='ln -s'
LTLIBICONV=''
LTLIBOBJS=''
MAINT='#'
MAINTAINER_MODE_FALSE=''
MAINTAINER_MODE_TRUE='#'
MAKEINFO='/home/ubuntu/kerenel/binutils-2.34/missing makeinfo --split-size=5000000'
MKDIR_P='/usr/bin/mkdir -p'
MKINSTALLDIRS='$(top_builddir)/./../mkinstalldirs'
MSGFMT=':'
MSGMERGE=':'
NM='nm'
NMEDIT=''
NO_WERROR=''
OBJDUMP='objdump'
OBJDUMP_DEFS=' -DOBJDUMP_PRIVATE_VECTORS=""'
OBJDUMP_PRIVATE_OFILES=''
OBJEXT='o'
OTOOL64=''
OTOOL=''
PACKAGE='binutils'
PACKAGE_BUGREPORT=''
PACKAGE_NAME='binutils'
PACKAGE_STRING='binutils 2.34'
PACKAGE_TARNAME='binutils'
PACKAGE_URL=''
PACKAGE_VERSION='2.34'
PATH_SEPARATOR=':'
POSUB=''
RANLIB='ranlib'
SED='/usr/bin/sed'
SET_MAKE=''
SHELL='/bin/bash'
STRIP='strip'
USE_NLS='no'
VERSION='2.34'
WARN_CFLAGS='-W -Wall -Wstrict-prototypes -Wmissing-prototypes -Wshadow -Wstack-usage=262144'
WARN_CFLAGS_FOR_BUILD='-W -Wall -Wstrict-prototypes -Wmissing-prototypes -Wshadow -Wstack-usage=262144'
WARN_WRITE_STRINGS='-Wwrite-strings'
XGETTEXT=':'
YACC='/home/ubuntu/kerenel/binutils-2.34/missing bison -y'
YFLAGS=''
ac_ct_CC=''
ac_ct_DUMPBIN=''
am__EXEEXT_FALSE=''
am__EXEEXT_TRUE='#'
am__fastdepCC_FALSE='#'
am__fastdepCC_TRUE=''
am__include='include'
am__isrc=''
am__leading_dot='.'
am__nodep='_no'
am__quote=''
am__tar='$${TAR-tar} chof - "$$tardir"'
am__untar='$${TAR-tar} xf -'
bindir='${exec_prefix}/bin'
build='x86_64-pc-linux-gnu'
build_alias='x86_64-pc-linux-gnu'
build_cpu='x86_64'
build_os='linux-gnu'
build_vendor='pc'
datadir='${datarootdir}'
datarootdir='${prefix}/share'
docdir='${datarootdir}/doc/${PACKAGE_TARNAME}'
dvidir='${docdir}'
exec_prefix='${prefix}'
host='x86_64-pc-linux-gnu'
host_alias='x86_64-pc-linux-gnu'
host_cpu='x86_64'
host_os='linux-gnu'
host_vendor='pc'
htmldir='${docdir}'
includedir='${prefix}/include'
infodir='${datarootdir}/info'
install_sh='${SHELL} /home/ubuntu/kerenel/binutils-2.34/install-sh'
libdir='${exec_prefix}/lib'
libexecdir='${exec_prefix}/libexec'
localedir='${datarootdir}/locale'
localstatedir='${prefix}/var'
mandir='${datarootdir}/man'
mkdir_p='$(MKDIR_P)'
oldincludedir='/usr/include'
pdfdir='${docdir}'
prefix='/usr/local'
program_transform_name='s&^&i386-elf-&'
psdir='${docdir}'
sbindir='${exec_prefix}/sbin'
sharedstatedir='${prefix}/com'
sysconfdir='${prefix}/etc'
target='i386-pc-elf'
target_alias='i386-elf'
target_cpu='i386'
target_os='elf'
target_vendor='pc'
zlibdir='-L$(top_builddir)/../zlib'
zlibinc='-I$(top_srcdir)/../zlib'

## ----------- ##
## confdefs.h. ##
## ----------- ##

/* confdefs.h */
#define PACKAGE_NAME "binutils"
#define PACKAGE_TARNAME "binutils"
#define PACKAGE_VERSION "2.34"
#define PACKAGE_STRING "binutils 2.34"
#define PACKAGE_BUGREPORT ""
#define PACKAGE_URL ""
#define PACKAGE "binutils"
#define VERSION "2.34"
#define STDC_HEADERS 1
#define HAVE_SYS_TYPES_H 1
#define HAVE_SYS_STAT_H 1
#define HAVE_STDLIB_H 1
#define HAVE_STRING_H 1
#define HAVE_MEMORY_H 1
#define HAVE_STRINGS_H 1
#define HAVE_INTTYPES_H 1
#define HAVE_STDINT_H 1
#define HAVE_UNISTD_H 1
#define __EXTENSIONS__ 1
#define _ALL_SOURCE 1
#define _GNU_SOURCE 1
#define _POSIX_PTHREAD_SEMANTICS 1
#define _TANDEM_SOURCE 1
#define HAVE_DLFCN_H 1
#define LT_OBJDIR ".libs/"
#define HAVE_DLFCN_H 1
#define DEFAULT_AR_DETERMINISTIC 0
#define DEFAULT_STRINGS_ALL 1
#define EXECUTABLE_SUFFIX ""
#define SIZEOF_LONG 8
#define HAVE_LONG_LONG 1
#define SIZEOF_LONG_LONG 8
#define HAVE_STRING_H 1
#define HAVE_STRINGS_H 1
#define HAVE_STDLIB_H 1
#define HAVE_UNISTD_H 1
#define HAVE_FCNTL_H 1
#define HAVE_SYS_FILE_H 1
#define HAVE_LIMITS_H 1
#define HAVE_LOCALE_H 1
#define HAVE_SYS_PARAM_H 1
#define HAVE_WCHAR_H 1
#define HAVE_SYS_WAIT_H 1
#define STRING_WITH_STRINGS 1
#define HAVE_ALLOCA_H 1
#define HAVE_ALLOCA 1
#define HAVE_STDLIB_H 1
#define HAVE_UNISTD_H 1
#define HAVE_SYS_PARAM_H 1
#define HAVE_GETPAGESIZE 1
#define HAVE_MMAP 1
#define HAVE_SBRK 1
#define HAVE_UTIMES 1
#define HAVE_GETC_UNLOCKED 1
#define HAVE_STRCOLL 1
#define HAVE_SETLOCALE 1
#define HAVE_MKSTEMP 1
#define HAVE_MKDTEMP 1
#define HAVE_MBSTATE_T 1
#define HAVE_LC_MESSAGES 1
#define HAVE_TIME_T_IN_TIME_H 1
#define HAVE_TIME_T_IN_TYPES_H 1
#define HAVE_DECL_GETOPT 1
#define HAVE_GOOD_UTIME_H 1
#define HAVE_DECL_ASPRINTF 1
#define HAVE_DECL_ENVIRON 1
#define HAVE_DECL_FPRINTF 1
#define HAVE_DECL_GETC_UNLOCKED 1
#define HAVE_DECL_GETENV 1
#define HAVE_DECL_SBRK 1
#define HAVE_DECL_SNPRINTF 1
#define HAVE_DECL_STPCPY 1
#define HAVE_DECL_STRNLEN 1
#define HAVE_DECL_STRSTR 1
#define HAVE_DECL_VSNPRINTF 1
#define HAVE_ICONV 1
#define ICONV_CONST 
#define TARGET "i386-pc-elf"
#define TARGET_PREPENDS_UNDERSCORE 0

configure: exit 0
